<?xml version="1.0" encoding="UTF-8"?>
<testng-results skipped="0" failed="4" ignored="0" total="5" passed="1">
  <reporter-output>
    <line>
      <![CDATA[<div style="display:block;margin-left:10px;"></div>]]>
    </line>
    <line>
      <![CDATA[█▀▀▀▀▀▀▀▀▀▀▀▀▀▀▀▀▀▀▀▀▀▀▀█]]>
    </line>
    <line>
      <![CDATA[█ TEST STARTED: OpenAPP █]]>
    </line>
    <line>
      <![CDATA[█▄▄▄▄▄▄▄▄▄▄▄▄▄▄▄▄▄▄▄▄▄▄▄█]]>
    </line>
    <line>
      <![CDATA[<div style="display:block;margin-left:10px;"></div>]]>
    </line>
    <line>
      <![CDATA[█▀▀▀▀▀▀▀▀▀▀▀▀▀▀▀▀▀▀▀▀▀▀▀▀▀▀▀▀▀▀▀▀▀▀▀▀▀█]]>
    </line>
    <line>
      <![CDATA[█ TEST STARTED: enterUsernamePassword █]]>
    </line>
    <line>
      <![CDATA[█▄▄▄▄▄▄▄▄▄▄▄▄▄▄▄▄▄▄▄▄▄▄▄▄▄▄▄▄▄▄▄▄▄▄▄▄▄█]]>
    </line>
    <line>
      <![CDATA[<div style="display:block;margin-left:10px;"><div  class="fail"><span class="fail-label">F </span>An element could not be located on the page using the given search parameters. (WARNING: The server did not provide any stacktrace information)
Command duration or timeout: 0 milliseconds
For documentation on this error, please visit: http://seleniumhq.org/exceptions/no_such_element.html
Build info: version: '3.6.0', revision: '6fbf3ec767', time: '2017-09-27T15:28:36.4Z'
System info: host: 'ba1ffa30e57b', ip: '172.18.0.4', os.name: 'Linux', os.arch: 'amd64', os.version: '4.4.0-47-generic', java.version: '1.8.0_131'
Driver info: io.appium.java_client.ios.IOSDriver
Capabilities [{reportPdfUrl=https://fifththird.reporting.perfectomobile.com/export/api/v1/test-executions/pdf?externalId[0]=dinesh.venkataraman@internal.53.com_RemoteWebDriver_18-07-26_07_40_53_791&_timestamp[0]=1532590853237, simpleIsVisibleCheck=true, deviceName=6CEDD7EA68F5F5211728B0554694B223BB4F86ED, platform=MAC, password=, deviceSessionId=dinesh.venkataraman@internal.53.com_RemoteWebDriver_18-07-26_07_40_53_791, platformVersion=11.4, webStorageEnabled=false, host=fifththird.perfectomobile.com, singleTestReportUrl=https://fifththird.reporting.perfectomobile.com/library?externalId[0]=dinesh.venkataraman@internal.53.com_RemoteWebDriver_18-07-26_07_40_53_791&_timestamp[0]=1532590853237, browserName=, takesScreenshot=true, javascriptEnabled=true, model=iPhone-8 Plus, platformName=MAC, networkConnectionEnabled=false, testGridReportUrl=https://fifththird.reporting.perfectomobile.com/library?externalId[0]=dinesh.venkataraman@internal.53.com_RemoteWebDriver_18-07-26_07_40_53_791&_timestamp[0]=1532590853237, entityType=remote_web_driver, xcuitestFindOptimizations=true, bundleId=com.apple.mobilesafari, databaseEnabled=false, serverConnector=, serverHost=1.5.43.22:11605, securityToken=, executionId=dinesh.venkataraman@internal.53.com_RemoteWebDriver_18-07-26_07_40_53_791, locationContextEnabled=false, scriptName=RemoteWebDriver, reportKey=dinesh.venkataraman@internal.53.com_RemoteWebDriver_18-07-26_07_40_53_791, windTunnelReportUrl=https://fifththird.reporting.perfectomobile.com/library?externalId[0]=dinesh.venkataraman@internal.53.com_RemoteWebDriver_18-07-26_07_40_53_791&_timestamp[0]=1532590853237, user=, autoAcceptAlerts=true}]
Session ID: 06b1aef7-b99e-402e-8942-e4c473a0d059
*** Element info: {Using=xpath, value=//AppiumAUT/XCUIElementTypeApplication[1]/XCUIElementTypeWindow[1]/XCUIElementTypeOther[1]/XCUIElementTypeOther[2]/XCUIElementTypeOther[2]/XCUIElementTypeTextField[1]}
Command duration or timeout: 15.90 seconds
For documentation on this error, please visit: http://seleniumhq.org/exceptions/no_such_element.html
Build info: version: '2.53.1', revision: 'a36b8b1cd5757287168e54b817830adce9b0158d', time: '2016-06-30 19:26:09'
System info: host: 'Bingo', ip: '192.168.1.4', os.name: 'Mac OS X', os.arch: 'x86_64', os.version: '10.13.6', java.version: '1.8.0_60'
Driver info: io.appium.java_client.ios.IOSDriver
Capabilities [{reportPdfUrl=https://fifththird.reporting.perfectomobile.com/export/api/v1/test-executions/pdf?externalId[0]=dinesh.venkataraman@internal.53.com_RemoteWebDriver_18-07-26_07_40_53_791&_timestamp[0]=1532590853237, simpleIsVisibleCheck=true, deviceName=6CEDD7EA68F5F5211728B0554694B223BB4F86ED, platform=ANY, password=, deviceSessionId=dinesh.venkataraman@internal.53.com_RemoteWebDriver_18-07-26_07_40_53_791, platformVersion=11.4, host=fifththird.perfectomobile.com, singleTestReportUrl=https://fifththird.reporting.perfectomobile.com/library?externalId[0]=dinesh.venkataraman@internal.53.com_RemoteWebDriver_18-07-26_07_40_53_791&_timestamp[0]=1532590853237, takesScreenshot=true, model=iPhone-8 Plus, javascriptEnabled=true, platformName=iOS, rotatable=true, testGridReportUrl=https://fifththird.reporting.perfectomobile.com/library?externalId[0]=dinesh.venkataraman@internal.53.com_RemoteWebDriver_18-07-26_07_40_53_791&_timestamp[0]=1532590853237, entityType=remote_web_driver, xcuitestFindOptimizations=true, bundleId=com.apple.mobilesafari, serverConnector=, serverHost=1.5.43.22:11605, securityToken=, executionId=dinesh.venkataraman@internal.53.com_RemoteWebDriver_18-07-26_07_40_53_791, webdriver.remote.sessionid=4b918aa7-6b50-46d4-859d-8b5499016994, locationContextEnabled=true, scriptName=RemoteWebDriver, reportKey=dinesh.venkataraman@internal.53.com_RemoteWebDriver_18-07-26_07_40_53_791, windTunnelReportUrl=https://fifththird.reporting.perfectomobile.com/library?externalId[0]=dinesh.venkataraman@internal.53.com_RemoteWebDriver_18-07-26_07_40_53_791&_timestamp[0]=1532590853237, user=, cssSelectorsEnabled=true, autoAcceptAlerts=true}]
Session ID: 4b918aa7-6b50-46d4-859d-8b5499016994
*** Element info: {Using=xpath, value=//AppiumAUT/XCUIElementTypeApplication[1]/XCUIElementTypeWindow[1]/XCUIElementTypeOther[1]/XCUIElementTypeOther[2]/XCUIElementTypeOther[2]/XCUIElementTypeTextField[1]}</div></div>]]>
    </line>
    <line>
      <![CDATA[█▀▀▀▀▀▀▀▀▀▀▀▀▀▀▀▀▀▀▀▀▀▀▀▀▀▀█]]>
    </line>
    <line>
      <![CDATA[█ TEST STARTED: clickLogin █]]>
    </line>
    <line>
      <![CDATA[█▄▄▄▄▄▄▄▄▄▄▄▄▄▄▄▄▄▄▄▄▄▄▄▄▄▄█]]>
    </line>
    <line>
      <![CDATA[<div style="display:block;margin-left:10px;"><div  class="fail"><span class="fail-label">F </span>An element could not be located on the page using the given search parameters. (WARNING: The server did not provide any stacktrace information)
Command duration or timeout: 0 milliseconds
For documentation on this error, please visit: http://seleniumhq.org/exceptions/no_such_element.html
Build info: version: '3.6.0', revision: '6fbf3ec767', time: '2017-09-27T15:28:36.4Z'
System info: host: 'ba1ffa30e57b', ip: '172.18.0.4', os.name: 'Linux', os.arch: 'amd64', os.version: '4.4.0-47-generic', java.version: '1.8.0_131'
Driver info: io.appium.java_client.ios.IOSDriver
Capabilities [{reportPdfUrl=https://fifththird.reporting.perfectomobile.com/export/api/v1/test-executions/pdf?externalId[0]=dinesh.venkataraman@internal.53.com_RemoteWebDriver_18-07-26_07_40_53_791&_timestamp[0]=1532590853237, simpleIsVisibleCheck=true, deviceName=6CEDD7EA68F5F5211728B0554694B223BB4F86ED, platform=MAC, password=, deviceSessionId=dinesh.venkataraman@internal.53.com_RemoteWebDriver_18-07-26_07_40_53_791, platformVersion=11.4, webStorageEnabled=false, host=fifththird.perfectomobile.com, singleTestReportUrl=https://fifththird.reporting.perfectomobile.com/library?externalId[0]=dinesh.venkataraman@internal.53.com_RemoteWebDriver_18-07-26_07_40_53_791&_timestamp[0]=1532590853237, browserName=, takesScreenshot=true, javascriptEnabled=true, model=iPhone-8 Plus, platformName=MAC, networkConnectionEnabled=false, testGridReportUrl=https://fifththird.reporting.perfectomobile.com/library?externalId[0]=dinesh.venkataraman@internal.53.com_RemoteWebDriver_18-07-26_07_40_53_791&_timestamp[0]=1532590853237, entityType=remote_web_driver, xcuitestFindOptimizations=true, bundleId=com.apple.mobilesafari, databaseEnabled=false, serverConnector=, serverHost=1.5.43.22:11605, securityToken=, executionId=dinesh.venkataraman@internal.53.com_RemoteWebDriver_18-07-26_07_40_53_791, locationContextEnabled=false, scriptName=RemoteWebDriver, reportKey=dinesh.venkataraman@internal.53.com_RemoteWebDriver_18-07-26_07_40_53_791, windTunnelReportUrl=https://fifththird.reporting.perfectomobile.com/library?externalId[0]=dinesh.venkataraman@internal.53.com_RemoteWebDriver_18-07-26_07_40_53_791&_timestamp[0]=1532590853237, user=, autoAcceptAlerts=true}]
Session ID: 06b1aef7-b99e-402e-8942-e4c473a0d059
*** Element info: {Using=xpath, value=//AppiumAUT/XCUIElementTypeApplication[1]/XCUIElementTypeWindow[1]/XCUIElementTypeOther[1]/XCUIElementTypeOther[2]/XCUIElementTypeOther[2]/XCUIElementTypeButton[1]}
Command duration or timeout: 15.98 seconds
For documentation on this error, please visit: http://seleniumhq.org/exceptions/no_such_element.html
Build info: version: '2.53.1', revision: 'a36b8b1cd5757287168e54b817830adce9b0158d', time: '2016-06-30 19:26:09'
System info: host: 'Bingo', ip: '192.168.1.4', os.name: 'Mac OS X', os.arch: 'x86_64', os.version: '10.13.6', java.version: '1.8.0_60'
Driver info: io.appium.java_client.ios.IOSDriver
Capabilities [{reportPdfUrl=https://fifththird.reporting.perfectomobile.com/export/api/v1/test-executions/pdf?externalId[0]=dinesh.venkataraman@internal.53.com_RemoteWebDriver_18-07-26_07_40_53_791&_timestamp[0]=1532590853237, simpleIsVisibleCheck=true, deviceName=6CEDD7EA68F5F5211728B0554694B223BB4F86ED, platform=ANY, password=, deviceSessionId=dinesh.venkataraman@internal.53.com_RemoteWebDriver_18-07-26_07_40_53_791, platformVersion=11.4, host=fifththird.perfectomobile.com, singleTestReportUrl=https://fifththird.reporting.perfectomobile.com/library?externalId[0]=dinesh.venkataraman@internal.53.com_RemoteWebDriver_18-07-26_07_40_53_791&_timestamp[0]=1532590853237, takesScreenshot=true, model=iPhone-8 Plus, javascriptEnabled=true, platformName=iOS, rotatable=true, testGridReportUrl=https://fifththird.reporting.perfectomobile.com/library?externalId[0]=dinesh.venkataraman@internal.53.com_RemoteWebDriver_18-07-26_07_40_53_791&_timestamp[0]=1532590853237, entityType=remote_web_driver, xcuitestFindOptimizations=true, bundleId=com.apple.mobilesafari, serverConnector=, serverHost=1.5.43.22:11605, securityToken=, executionId=dinesh.venkataraman@internal.53.com_RemoteWebDriver_18-07-26_07_40_53_791, webdriver.remote.sessionid=4b918aa7-6b50-46d4-859d-8b5499016994, locationContextEnabled=true, scriptName=RemoteWebDriver, reportKey=dinesh.venkataraman@internal.53.com_RemoteWebDriver_18-07-26_07_40_53_791, windTunnelReportUrl=https://fifththird.reporting.perfectomobile.com/library?externalId[0]=dinesh.venkataraman@internal.53.com_RemoteWebDriver_18-07-26_07_40_53_791&_timestamp[0]=1532590853237, user=, cssSelectorsEnabled=true, autoAcceptAlerts=true}]
Session ID: 4b918aa7-6b50-46d4-859d-8b5499016994
*** Element info: {Using=xpath, value=//AppiumAUT/XCUIElementTypeApplication[1]/XCUIElementTypeWindow[1]/XCUIElementTypeOther[1]/XCUIElementTypeOther[2]/XCUIElementTypeOther[2]/XCUIElementTypeButton[1]}</div></div>]]>
    </line>
    <line>
      <![CDATA[█▀▀▀▀▀▀▀▀▀▀▀▀▀▀▀▀▀▀▀▀▀▀▀▀▀▀▀▀▀█]]>
    </line>
    <line>
      <![CDATA[█ TEST STARTED: validateLogin █]]>
    </line>
    <line>
      <![CDATA[█▄▄▄▄▄▄▄▄▄▄▄▄▄▄▄▄▄▄▄▄▄▄▄▄▄▄▄▄▄█]]>
    </line>
    <line>
      <![CDATA[<div style="display:block;margin-left:10px;"><div  class="fail"><span class="fail-label">F </span>An element could not be located on the page using the given search parameters. (WARNING: The server did not provide any stacktrace information)
Command duration or timeout: 0 milliseconds
For documentation on this error, please visit: http://seleniumhq.org/exceptions/no_such_element.html
Build info: version: '3.6.0', revision: '6fbf3ec767', time: '2017-09-27T15:28:36.4Z'
System info: host: 'ba1ffa30e57b', ip: '172.18.0.4', os.name: 'Linux', os.arch: 'amd64', os.version: '4.4.0-47-generic', java.version: '1.8.0_131'
Driver info: io.appium.java_client.ios.IOSDriver
Capabilities [{reportPdfUrl=https://fifththird.reporting.perfectomobile.com/export/api/v1/test-executions/pdf?externalId[0]=dinesh.venkataraman@internal.53.com_RemoteWebDriver_18-07-26_07_40_53_791&_timestamp[0]=1532590853237, simpleIsVisibleCheck=true, deviceName=6CEDD7EA68F5F5211728B0554694B223BB4F86ED, platform=MAC, password=, deviceSessionId=dinesh.venkataraman@internal.53.com_RemoteWebDriver_18-07-26_07_40_53_791, platformVersion=11.4, webStorageEnabled=false, host=fifththird.perfectomobile.com, singleTestReportUrl=https://fifththird.reporting.perfectomobile.com/library?externalId[0]=dinesh.venkataraman@internal.53.com_RemoteWebDriver_18-07-26_07_40_53_791&_timestamp[0]=1532590853237, browserName=, takesScreenshot=true, javascriptEnabled=true, model=iPhone-8 Plus, platformName=MAC, networkConnectionEnabled=false, testGridReportUrl=https://fifththird.reporting.perfectomobile.com/library?externalId[0]=dinesh.venkataraman@internal.53.com_RemoteWebDriver_18-07-26_07_40_53_791&_timestamp[0]=1532590853237, entityType=remote_web_driver, xcuitestFindOptimizations=true, bundleId=com.apple.mobilesafari, databaseEnabled=false, serverConnector=, serverHost=1.5.43.22:11605, securityToken=, executionId=dinesh.venkataraman@internal.53.com_RemoteWebDriver_18-07-26_07_40_53_791, locationContextEnabled=false, scriptName=RemoteWebDriver, reportKey=dinesh.venkataraman@internal.53.com_RemoteWebDriver_18-07-26_07_40_53_791, windTunnelReportUrl=https://fifththird.reporting.perfectomobile.com/library?externalId[0]=dinesh.venkataraman@internal.53.com_RemoteWebDriver_18-07-26_07_40_53_791&_timestamp[0]=1532590853237, user=, autoAcceptAlerts=true}]
Session ID: 06b1aef7-b99e-402e-8942-e4c473a0d059
*** Element info: {Using=xpath, value=//AppiumAUT/XCUIElementTypeApplication[1]/XCUIElementTypeWindow[1]/XCUIElementTypeOther[2]/XCUIElementTypeAlert[1]/XCUIElementTypeOther[1]/XCUIElementTypeOther[1]/XCUIElementTypeOther[2]/XCUIElementTypeOther[3]/XCUIElementTypeOther[1]/XCUIElementTypeOther[1]/XCUIElementTypeOther[1]/XCUIElementTypeButton[1]}
Command duration or timeout: 15.76 seconds
For documentation on this error, please visit: http://seleniumhq.org/exceptions/no_such_element.html
Build info: version: '2.53.1', revision: 'a36b8b1cd5757287168e54b817830adce9b0158d', time: '2016-06-30 19:26:09'
System info: host: 'Bingo', ip: '192.168.1.4', os.name: 'Mac OS X', os.arch: 'x86_64', os.version: '10.13.6', java.version: '1.8.0_60'
Driver info: io.appium.java_client.ios.IOSDriver
Capabilities [{reportPdfUrl=https://fifththird.reporting.perfectomobile.com/export/api/v1/test-executions/pdf?externalId[0]=dinesh.venkataraman@internal.53.com_RemoteWebDriver_18-07-26_07_40_53_791&_timestamp[0]=1532590853237, simpleIsVisibleCheck=true, deviceName=6CEDD7EA68F5F5211728B0554694B223BB4F86ED, platform=ANY, password=, deviceSessionId=dinesh.venkataraman@internal.53.com_RemoteWebDriver_18-07-26_07_40_53_791, platformVersion=11.4, host=fifththird.perfectomobile.com, singleTestReportUrl=https://fifththird.reporting.perfectomobile.com/library?externalId[0]=dinesh.venkataraman@internal.53.com_RemoteWebDriver_18-07-26_07_40_53_791&_timestamp[0]=1532590853237, takesScreenshot=true, model=iPhone-8 Plus, javascriptEnabled=true, platformName=iOS, rotatable=true, testGridReportUrl=https://fifththird.reporting.perfectomobile.com/library?externalId[0]=dinesh.venkataraman@internal.53.com_RemoteWebDriver_18-07-26_07_40_53_791&_timestamp[0]=1532590853237, entityType=remote_web_driver, xcuitestFindOptimizations=true, bundleId=com.apple.mobilesafari, serverConnector=, serverHost=1.5.43.22:11605, securityToken=, executionId=dinesh.venkataraman@internal.53.com_RemoteWebDriver_18-07-26_07_40_53_791, webdriver.remote.sessionid=4b918aa7-6b50-46d4-859d-8b5499016994, locationContextEnabled=true, scriptName=RemoteWebDriver, reportKey=dinesh.venkataraman@internal.53.com_RemoteWebDriver_18-07-26_07_40_53_791, windTunnelReportUrl=https://fifththird.reporting.perfectomobile.com/library?externalId[0]=dinesh.venkataraman@internal.53.com_RemoteWebDriver_18-07-26_07_40_53_791&_timestamp[0]=1532590853237, user=, cssSelectorsEnabled=true, autoAcceptAlerts=true}]
Session ID: 4b918aa7-6b50-46d4-859d-8b5499016994
*** Element info: {Using=xpath, value=//AppiumAUT/XCUIElementTypeApplication[1]/XCUIElementTypeWindow[1]/XCUIElementTypeOther[2]/XCUIElementTypeAlert[1]/XCUIElementTypeOther[1]/XCUIElementTypeOther[1]/XCUIElementTypeOther[2]/XCUIElementTypeOther[3]/XCUIElementTypeOther[1]/XCUIElementTypeOther[1]/XCUIElementTypeOther[1]/XCUIElementTypeButton[1]}</div></div>]]>
    </line>
    <line>
      <![CDATA[█▀▀▀▀▀▀▀▀▀▀▀▀▀▀▀▀▀▀▀▀▀▀▀▀▀▀▀▀▀█]]>
    </line>
    <line>
      <![CDATA[█ TEST STARTED: switchwifiOff █]]>
    </line>
    <line>
      <![CDATA[█▄▄▄▄▄▄▄▄▄▄▄▄▄▄▄▄▄▄▄▄▄▄▄▄▄▄▄▄▄█]]>
    </line>
    <line>
      <![CDATA[<div style="display:block;margin-left:10px;"><div  class="fail"><span class="fail-label">F </span>An element could not be located on the page using the given search parameters. (WARNING: The server did not provide any stacktrace information)
Command duration or timeout: 0 milliseconds
For documentation on this error, please visit: http://seleniumhq.org/exceptions/no_such_element.html
Build info: version: '3.6.0', revision: '6fbf3ec767', time: '2017-09-27T15:28:36.4Z'
System info: host: 'ba1ffa30e57b', ip: '172.18.0.4', os.name: 'Linux', os.arch: 'amd64', os.version: '4.4.0-47-generic', java.version: '1.8.0_131'
Driver info: io.appium.java_client.ios.IOSDriver
Capabilities [{reportPdfUrl=https://fifththird.reporting.perfectomobile.com/export/api/v1/test-executions/pdf?externalId[0]=dinesh.venkataraman@internal.53.com_RemoteWebDriver_18-07-26_07_40_53_791&_timestamp[0]=1532590853237, simpleIsVisibleCheck=true, deviceName=6CEDD7EA68F5F5211728B0554694B223BB4F86ED, platform=MAC, password=, deviceSessionId=dinesh.venkataraman@internal.53.com_RemoteWebDriver_18-07-26_07_40_53_791, platformVersion=11.4, webStorageEnabled=false, host=fifththird.perfectomobile.com, singleTestReportUrl=https://fifththird.reporting.perfectomobile.com/library?externalId[0]=dinesh.venkataraman@internal.53.com_RemoteWebDriver_18-07-26_07_40_53_791&_timestamp[0]=1532590853237, browserName=, takesScreenshot=true, javascriptEnabled=true, model=iPhone-8 Plus, platformName=MAC, networkConnectionEnabled=false, testGridReportUrl=https://fifththird.reporting.perfectomobile.com/library?externalId[0]=dinesh.venkataraman@internal.53.com_RemoteWebDriver_18-07-26_07_40_53_791&_timestamp[0]=1532590853237, entityType=remote_web_driver, xcuitestFindOptimizations=true, bundleId=com.apple.mobilesafari, databaseEnabled=false, serverConnector=, serverHost=1.5.43.22:11605, securityToken=, executionId=dinesh.venkataraman@internal.53.com_RemoteWebDriver_18-07-26_07_40_53_791, locationContextEnabled=false, scriptName=RemoteWebDriver, reportKey=dinesh.venkataraman@internal.53.com_RemoteWebDriver_18-07-26_07_40_53_791, windTunnelReportUrl=https://fifththird.reporting.perfectomobile.com/library?externalId[0]=dinesh.venkataraman@internal.53.com_RemoteWebDriver_18-07-26_07_40_53_791&_timestamp[0]=1532590853237, user=, autoAcceptAlerts=true}]
Session ID: 06b1aef7-b99e-402e-8942-e4c473a0d059
*** Element info: {Using=xpath, value=//AppiumAUT/XCUIElementTypeApplication[1]/XCUIElementTypeWindow[1]/XCUIElementTypeOther[1]/XCUIElementTypeOther[2]/XCUIElementTypeOther[2]/XCUIElementTypeSecureTextField[1]}
Command duration or timeout: 15.85 seconds
For documentation on this error, please visit: http://seleniumhq.org/exceptions/no_such_element.html
Build info: version: '2.53.1', revision: 'a36b8b1cd5757287168e54b817830adce9b0158d', time: '2016-06-30 19:26:09'
System info: host: 'Bingo', ip: '192.168.1.4', os.name: 'Mac OS X', os.arch: 'x86_64', os.version: '10.13.6', java.version: '1.8.0_60'
Driver info: io.appium.java_client.ios.IOSDriver
Capabilities [{reportPdfUrl=https://fifththird.reporting.perfectomobile.com/export/api/v1/test-executions/pdf?externalId[0]=dinesh.venkataraman@internal.53.com_RemoteWebDriver_18-07-26_07_40_53_791&_timestamp[0]=1532590853237, simpleIsVisibleCheck=true, deviceName=6CEDD7EA68F5F5211728B0554694B223BB4F86ED, platform=ANY, password=, deviceSessionId=dinesh.venkataraman@internal.53.com_RemoteWebDriver_18-07-26_07_40_53_791, platformVersion=11.4, host=fifththird.perfectomobile.com, singleTestReportUrl=https://fifththird.reporting.perfectomobile.com/library?externalId[0]=dinesh.venkataraman@internal.53.com_RemoteWebDriver_18-07-26_07_40_53_791&_timestamp[0]=1532590853237, takesScreenshot=true, model=iPhone-8 Plus, javascriptEnabled=true, platformName=iOS, rotatable=true, testGridReportUrl=https://fifththird.reporting.perfectomobile.com/library?externalId[0]=dinesh.venkataraman@internal.53.com_RemoteWebDriver_18-07-26_07_40_53_791&_timestamp[0]=1532590853237, entityType=remote_web_driver, xcuitestFindOptimizations=true, bundleId=com.apple.mobilesafari, serverConnector=, serverHost=1.5.43.22:11605, securityToken=, executionId=dinesh.venkataraman@internal.53.com_RemoteWebDriver_18-07-26_07_40_53_791, webdriver.remote.sessionid=4b918aa7-6b50-46d4-859d-8b5499016994, locationContextEnabled=true, scriptName=RemoteWebDriver, reportKey=dinesh.venkataraman@internal.53.com_RemoteWebDriver_18-07-26_07_40_53_791, windTunnelReportUrl=https://fifththird.reporting.perfectomobile.com/library?externalId[0]=dinesh.venkataraman@internal.53.com_RemoteWebDriver_18-07-26_07_40_53_791&_timestamp[0]=1532590853237, user=, cssSelectorsEnabled=true, autoAcceptAlerts=true}]
Session ID: 4b918aa7-6b50-46d4-859d-8b5499016994
*** Element info: {Using=xpath, value=//AppiumAUT/XCUIElementTypeApplication[1]/XCUIElementTypeWindow[1]/XCUIElementTypeOther[1]/XCUIElementTypeOther[2]/XCUIElementTypeOther[2]/XCUIElementTypeSecureTextField[1]}</div></div>]]>
    </line>
  </reporter-output>
  <suite name="Appium Demo Suite" duration-ms="143420" started-at="2018-07-26T07:40:52Z" finished-at="2018-07-26T07:43:16Z">
    <groups>
    </groups>
    <test name="IOS Calc Test" duration-ms="143420" started-at="2018-07-26T07:40:52Z" finished-at="2018-07-26T07:43:16Z">
      <class name="fifththird.login.mobileTesting">
        <test-method status="PASS" signature="beforTest()[pri:0, instance:fifththird.login.mobileTesting@1198b989]" name="beforTest" is-config="true" duration-ms="27841" started-at="2018-07-26T07:40:52Z" finished-at="2018-07-26T07:41:20Z">
          <reporter-output>
            <line>
              <![CDATA[<div style="display:block;margin-left:10px;"></div>]]>
            </line>
          </reporter-output>
        </test-method> <!-- beforTest -->
        <test-method status="PASS" signature="OpenAPP()[pri:1, instance:fifththird.login.mobileTesting@1198b989]" name="OpenAPP" duration-ms="6060" started-at="2018-07-26T07:41:20Z" finished-at="2018-07-26T07:41:26Z">
          <reporter-output>
            <line>
              <![CDATA[█▀▀▀▀▀▀▀▀▀▀▀▀▀▀▀▀▀▀▀▀▀▀▀█]]>
            </line>
            <line>
              <![CDATA[█ TEST STARTED: OpenAPP █]]>
            </line>
            <line>
              <![CDATA[█▄▄▄▄▄▄▄▄▄▄▄▄▄▄▄▄▄▄▄▄▄▄▄█]]>
            </line>
            <line>
              <![CDATA[<div style="display:block;margin-left:10px;"></div>]]>
            </line>
          </reporter-output>
        </test-method> <!-- OpenAPP -->
        <test-method status="FAIL" signature="enterUsernamePassword()[pri:2, instance:fifththird.login.mobileTesting@1198b989]" name="enterUsernamePassword" duration-ms="17118" started-at="2018-07-26T07:41:26Z" finished-at="2018-07-26T07:41:43Z">
          <exception class="org.openqa.selenium.NoSuchElementException">
            <message>
              <![CDATA[An element could not be located on the page using the given search parameters. (WARNING: The server did not provide any stacktrace information)
Command duration or timeout: 0 milliseconds
For documentation on this error, please visit: http://seleniumhq.org/exceptions/no_such_element.html
Build info: version: '3.6.0', revision: '6fbf3ec767', time: '2017-09-27T15:28:36.4Z'
System info: host: 'ba1ffa30e57b', ip: '172.18.0.4', os.name: 'Linux', os.arch: 'amd64', os.version: '4.4.0-47-generic', java.version: '1.8.0_131'
Driver info: io.appium.java_client.ios.IOSDriver
Capabilities [{reportPdfUrl=https://fifththird.reporting.perfectomobile.com/export/api/v1/test-executions/pdf?externalId[0]=dinesh.venkataraman@internal.53.com_RemoteWebDriver_18-07-26_07_40_53_791&_timestamp[0]=1532590853237, simpleIsVisibleCheck=true, deviceName=6CEDD7EA68F5F5211728B0554694B223BB4F86ED, platform=MAC, password=, deviceSessionId=dinesh.venkataraman@internal.53.com_RemoteWebDriver_18-07-26_07_40_53_791, platformVersion=11.4, webStorageEnabled=false, host=fifththird.perfectomobile.com, singleTestReportUrl=https://fifththird.reporting.perfectomobile.com/library?externalId[0]=dinesh.venkataraman@internal.53.com_RemoteWebDriver_18-07-26_07_40_53_791&_timestamp[0]=1532590853237, browserName=, takesScreenshot=true, javascriptEnabled=true, model=iPhone-8 Plus, platformName=MAC, networkConnectionEnabled=false, testGridReportUrl=https://fifththird.reporting.perfectomobile.com/library?externalId[0]=dinesh.venkataraman@internal.53.com_RemoteWebDriver_18-07-26_07_40_53_791&_timestamp[0]=1532590853237, entityType=remote_web_driver, xcuitestFindOptimizations=true, bundleId=com.apple.mobilesafari, databaseEnabled=false, serverConnector=, serverHost=1.5.43.22:11605, securityToken=, executionId=dinesh.venkataraman@internal.53.com_RemoteWebDriver_18-07-26_07_40_53_791, locationContextEnabled=false, scriptName=RemoteWebDriver, reportKey=dinesh.venkataraman@internal.53.com_RemoteWebDriver_18-07-26_07_40_53_791, windTunnelReportUrl=https://fifththird.reporting.perfectomobile.com/library?externalId[0]=dinesh.venkataraman@internal.53.com_RemoteWebDriver_18-07-26_07_40_53_791&_timestamp[0]=1532590853237, user=, autoAcceptAlerts=true}]
Session ID: 06b1aef7-b99e-402e-8942-e4c473a0d059
*** Element info: {Using=xpath, value=//AppiumAUT/XCUIElementTypeApplication[1]/XCUIElementTypeWindow[1]/XCUIElementTypeOther[1]/XCUIElementTypeOther[2]/XCUIElementTypeOther[2]/XCUIElementTypeTextField[1]}
Command duration or timeout: 15.90 seconds
For documentation on this error, please visit: http://seleniumhq.org/exceptions/no_such_element.html
Build info: version: '2.53.1', revision: 'a36b8b1cd5757287168e54b817830adce9b0158d', time: '2016-06-30 19:26:09'
System info: host: 'Bingo', ip: '192.168.1.4', os.name: 'Mac OS X', os.arch: 'x86_64', os.version: '10.13.6', java.version: '1.8.0_60'
Driver info: io.appium.java_client.ios.IOSDriver
Capabilities [{reportPdfUrl=https://fifththird.reporting.perfectomobile.com/export/api/v1/test-executions/pdf?externalId[0]=dinesh.venkataraman@internal.53.com_RemoteWebDriver_18-07-26_07_40_53_791&_timestamp[0]=1532590853237, simpleIsVisibleCheck=true, deviceName=6CEDD7EA68F5F5211728B0554694B223BB4F86ED, platform=ANY, password=, deviceSessionId=dinesh.venkataraman@internal.53.com_RemoteWebDriver_18-07-26_07_40_53_791, platformVersion=11.4, host=fifththird.perfectomobile.com, singleTestReportUrl=https://fifththird.reporting.perfectomobile.com/library?externalId[0]=dinesh.venkataraman@internal.53.com_RemoteWebDriver_18-07-26_07_40_53_791&_timestamp[0]=1532590853237, takesScreenshot=true, model=iPhone-8 Plus, javascriptEnabled=true, platformName=iOS, rotatable=true, testGridReportUrl=https://fifththird.reporting.perfectomobile.com/library?externalId[0]=dinesh.venkataraman@internal.53.com_RemoteWebDriver_18-07-26_07_40_53_791&_timestamp[0]=1532590853237, entityType=remote_web_driver, xcuitestFindOptimizations=true, bundleId=com.apple.mobilesafari, serverConnector=, serverHost=1.5.43.22:11605, securityToken=, executionId=dinesh.venkataraman@internal.53.com_RemoteWebDriver_18-07-26_07_40_53_791, webdriver.remote.sessionid=4b918aa7-6b50-46d4-859d-8b5499016994, locationContextEnabled=true, scriptName=RemoteWebDriver, reportKey=dinesh.venkataraman@internal.53.com_RemoteWebDriver_18-07-26_07_40_53_791, windTunnelReportUrl=https://fifththird.reporting.perfectomobile.com/library?externalId[0]=dinesh.venkataraman@internal.53.com_RemoteWebDriver_18-07-26_07_40_53_791&_timestamp[0]=1532590853237, user=, cssSelectorsEnabled=true, autoAcceptAlerts=true}]
Session ID: 4b918aa7-6b50-46d4-859d-8b5499016994
*** Element info: {Using=xpath, value=//AppiumAUT/XCUIElementTypeApplication[1]/XCUIElementTypeWindow[1]/XCUIElementTypeOther[1]/XCUIElementTypeOther[2]/XCUIElementTypeOther[2]/XCUIElementTypeTextField[1]}]]>
            </message>
            <full-stacktrace>
              <![CDATA[org.openqa.selenium.NoSuchElementException: An element could not be located on the page using the given search parameters. (WARNING: The server did not provide any stacktrace information)
Command duration or timeout: 0 milliseconds
For documentation on this error, please visit: http://seleniumhq.org/exceptions/no_such_element.html
Build info: version: '3.6.0', revision: '6fbf3ec767', time: '2017-09-27T15:28:36.4Z'
System info: host: 'ba1ffa30e57b', ip: '172.18.0.4', os.name: 'Linux', os.arch: 'amd64', os.version: '4.4.0-47-generic', java.version: '1.8.0_131'
Driver info: io.appium.java_client.ios.IOSDriver
Capabilities [{reportPdfUrl=https://fifththird.reporting.perfectomobile.com/export/api/v1/test-executions/pdf?externalId[0]=dinesh.venkataraman@internal.53.com_RemoteWebDriver_18-07-26_07_40_53_791&_timestamp[0]=1532590853237, simpleIsVisibleCheck=true, deviceName=6CEDD7EA68F5F5211728B0554694B223BB4F86ED, platform=MAC, password=, deviceSessionId=dinesh.venkataraman@internal.53.com_RemoteWebDriver_18-07-26_07_40_53_791, platformVersion=11.4, webStorageEnabled=false, host=fifththird.perfectomobile.com, singleTestReportUrl=https://fifththird.reporting.perfectomobile.com/library?externalId[0]=dinesh.venkataraman@internal.53.com_RemoteWebDriver_18-07-26_07_40_53_791&_timestamp[0]=1532590853237, browserName=, takesScreenshot=true, javascriptEnabled=true, model=iPhone-8 Plus, platformName=MAC, networkConnectionEnabled=false, testGridReportUrl=https://fifththird.reporting.perfectomobile.com/library?externalId[0]=dinesh.venkataraman@internal.53.com_RemoteWebDriver_18-07-26_07_40_53_791&_timestamp[0]=1532590853237, entityType=remote_web_driver, xcuitestFindOptimizations=true, bundleId=com.apple.mobilesafari, databaseEnabled=false, serverConnector=, serverHost=1.5.43.22:11605, securityToken=, executionId=dinesh.venkataraman@internal.53.com_RemoteWebDriver_18-07-26_07_40_53_791, locationContextEnabled=false, scriptName=RemoteWebDriver, reportKey=dinesh.venkataraman@internal.53.com_RemoteWebDriver_18-07-26_07_40_53_791, windTunnelReportUrl=https://fifththird.reporting.perfectomobile.com/library?externalId[0]=dinesh.venkataraman@internal.53.com_RemoteWebDriver_18-07-26_07_40_53_791&_timestamp[0]=1532590853237, user=, autoAcceptAlerts=true}]
Session ID: 06b1aef7-b99e-402e-8942-e4c473a0d059
*** Element info: {Using=xpath, value=//AppiumAUT/XCUIElementTypeApplication[1]/XCUIElementTypeWindow[1]/XCUIElementTypeOther[1]/XCUIElementTypeOther[2]/XCUIElementTypeOther[2]/XCUIElementTypeTextField[1]}
Command duration or timeout: 15.90 seconds
For documentation on this error, please visit: http://seleniumhq.org/exceptions/no_such_element.html
Build info: version: '2.53.1', revision: 'a36b8b1cd5757287168e54b817830adce9b0158d', time: '2016-06-30 19:26:09'
System info: host: 'Bingo', ip: '192.168.1.4', os.name: 'Mac OS X', os.arch: 'x86_64', os.version: '10.13.6', java.version: '1.8.0_60'
Driver info: io.appium.java_client.ios.IOSDriver
Capabilities [{reportPdfUrl=https://fifththird.reporting.perfectomobile.com/export/api/v1/test-executions/pdf?externalId[0]=dinesh.venkataraman@internal.53.com_RemoteWebDriver_18-07-26_07_40_53_791&_timestamp[0]=1532590853237, simpleIsVisibleCheck=true, deviceName=6CEDD7EA68F5F5211728B0554694B223BB4F86ED, platform=ANY, password=, deviceSessionId=dinesh.venkataraman@internal.53.com_RemoteWebDriver_18-07-26_07_40_53_791, platformVersion=11.4, host=fifththird.perfectomobile.com, singleTestReportUrl=https://fifththird.reporting.perfectomobile.com/library?externalId[0]=dinesh.venkataraman@internal.53.com_RemoteWebDriver_18-07-26_07_40_53_791&_timestamp[0]=1532590853237, takesScreenshot=true, model=iPhone-8 Plus, javascriptEnabled=true, platformName=iOS, rotatable=true, testGridReportUrl=https://fifththird.reporting.perfectomobile.com/library?externalId[0]=dinesh.venkataraman@internal.53.com_RemoteWebDriver_18-07-26_07_40_53_791&_timestamp[0]=1532590853237, entityType=remote_web_driver, xcuitestFindOptimizations=true, bundleId=com.apple.mobilesafari, serverConnector=, serverHost=1.5.43.22:11605, securityToken=, executionId=dinesh.venkataraman@internal.53.com_RemoteWebDriver_18-07-26_07_40_53_791, webdriver.remote.sessionid=4b918aa7-6b50-46d4-859d-8b5499016994, locationContextEnabled=true, scriptName=RemoteWebDriver, reportKey=dinesh.venkataraman@internal.53.com_RemoteWebDriver_18-07-26_07_40_53_791, windTunnelReportUrl=https://fifththird.reporting.perfectomobile.com/library?externalId[0]=dinesh.venkataraman@internal.53.com_RemoteWebDriver_18-07-26_07_40_53_791&_timestamp[0]=1532590853237, user=, cssSelectorsEnabled=true, autoAcceptAlerts=true}]
Session ID: 4b918aa7-6b50-46d4-859d-8b5499016994
*** Element info: {Using=xpath, value=//AppiumAUT/XCUIElementTypeApplication[1]/XCUIElementTypeWindow[1]/XCUIElementTypeOther[1]/XCUIElementTypeOther[2]/XCUIElementTypeOther[2]/XCUIElementTypeTextField[1]}
at sun.reflect.NativeConstructorAccessorImpl.newInstance0(Native Method)
at sun.reflect.NativeConstructorAccessorImpl.newInstance(NativeConstructorAccessorImpl.java:62)
at sun.reflect.DelegatingConstructorAccessorImpl.newInstance(DelegatingConstructorAccessorImpl.java:45)
at java.lang.reflect.Constructor.newInstance(Constructor.java:422)
at org.openqa.selenium.remote.ErrorHandler.createThrowable(ErrorHandler.java:206)
at org.openqa.selenium.remote.ErrorHandler.throwIfResponseFailed(ErrorHandler.java:158)
at org.openqa.selenium.remote.RemoteWebDriver.execute(RemoteWebDriver.java:678)
at io.appium.java_client.DefaultGenericMobileDriver.execute(DefaultGenericMobileDriver.java:40)
at io.appium.java_client.AppiumDriver.execute(AppiumDriver.java:1)
at io.appium.java_client.ios.IOSDriver.execute(IOSDriver.java:1)
at org.openqa.selenium.remote.RemoteWebDriver.findElement(RemoteWebDriver.java:363)
at io.appium.java_client.DefaultGenericMobileDriver.findElement(DefaultGenericMobileDriver.java:56)
at io.appium.java_client.AppiumDriver.findElement(AppiumDriver.java:1)
at io.appium.java_client.ios.IOSDriver.findElement(IOSDriver.java:1)
at org.openqa.selenium.remote.RemoteWebDriver.findElementByXPath(RemoteWebDriver.java:500)
at io.appium.java_client.DefaultGenericMobileDriver.findElementByXPath(DefaultGenericMobileDriver.java:134)
at io.appium.java_client.AppiumDriver.findElementByXPath(AppiumDriver.java:1)
at io.appium.java_client.ios.IOSDriver.findElementByXPath(IOSDriver.java:1)
at org.openqa.selenium.By$ByXPath.findElement(By.java:361)
at org.openqa.selenium.remote.RemoteWebDriver.findElement(RemoteWebDriver.java:355)
at io.appium.java_client.DefaultGenericMobileDriver.findElement(DefaultGenericMobileDriver.java:52)
at io.appium.java_client.AppiumDriver.findElement(AppiumDriver.java:1)
at io.appium.java_client.ios.IOSDriver.findElement(IOSDriver.java:1)
at fifththird.login.mobileTesting.enterUsernamePassword(mobileTesting.java:76)
at sun.reflect.NativeMethodAccessorImpl.invoke0(Native Method)
at sun.reflect.NativeMethodAccessorImpl.invoke(NativeMethodAccessorImpl.java:62)
at sun.reflect.DelegatingMethodAccessorImpl.invoke(DelegatingMethodAccessorImpl.java:43)
at java.lang.reflect.Method.invoke(Method.java:497)
at org.testng.internal.MethodInvocationHelper.invokeMethod(MethodInvocationHelper.java:124)
at org.testng.internal.Invoker.invokeMethod(Invoker.java:580)
at org.testng.internal.Invoker.invokeTestMethod(Invoker.java:716)
at org.testng.internal.Invoker.invokeTestMethods(Invoker.java:988)
at org.testng.internal.TestMethodWorker.invokeTestMethods(TestMethodWorker.java:125)
at org.testng.internal.TestMethodWorker.run(TestMethodWorker.java:109)
at org.testng.TestRunner.privateRun(TestRunner.java:648)
at org.testng.TestRunner.run(TestRunner.java:505)
at org.testng.SuiteRunner.runTest(SuiteRunner.java:455)
at org.testng.SuiteRunner.access$000(SuiteRunner.java:40)
at org.testng.SuiteRunner$SuiteWorker.run(SuiteRunner.java:489)
at org.testng.internal.thread.ThreadUtil$1.call(ThreadUtil.java:52)
at java.util.concurrent.FutureTask.run(FutureTask.java:266)
at java.util.concurrent.ThreadPoolExecutor.runWorker(ThreadPoolExecutor.java:1142)
at java.util.concurrent.ThreadPoolExecutor$Worker.run(ThreadPoolExecutor.java:617)
at java.lang.Thread.run(Thread.java:745)
Caused by: org.openqa.selenium.NoSuchElementException: An element could not be located on the page using the given search parameters. (WARNING: The server did not provide any stacktrace information)
Command duration or timeout: 0 milliseconds
For documentation on this error, please visit: http://seleniumhq.org/exceptions/no_such_element.html
Build info: version: '3.6.0', revision: '6fbf3ec767', time: '2017-09-27T15:28:36.4Z'
System info: host: 'ba1ffa30e57b', ip: '172.18.0.4', os.name: 'Linux', os.arch: 'amd64', os.version: '4.4.0-47-generic', java.version: '1.8.0_131'
Driver info: io.appium.java_client.ios.IOSDriver
Capabilities [{reportPdfUrl=https://fifththird.reporting.perfectomobile.com/export/api/v1/test-executions/pdf?externalId[0]=dinesh.venkataraman@internal.53.com_RemoteWebDriver_18-07-26_07_40_53_791&_timestamp[0]=1532590853237, simpleIsVisibleCheck=true, deviceName=6CEDD7EA68F5F5211728B0554694B223BB4F86ED, platform=MAC, password=, deviceSessionId=dinesh.venkataraman@internal.53.com_RemoteWebDriver_18-07-26_07_40_53_791, platformVersion=11.4, webStorageEnabled=false, host=fifththird.perfectomobile.com, singleTestReportUrl=https://fifththird.reporting.perfectomobile.com/library?externalId[0]=dinesh.venkataraman@internal.53.com_RemoteWebDriver_18-07-26_07_40_53_791&_timestamp[0]=1532590853237, browserName=, takesScreenshot=true, javascriptEnabled=true, model=iPhone-8 Plus, platformName=MAC, networkConnectionEnabled=false, testGridReportUrl=https://fifththird.reporting.perfectomobile.com/library?externalId[0]=dinesh.venkataraman@internal.53.com_RemoteWebDriver_18-07-26_07_40_53_791&_timestamp[0]=1532590853237, entityType=remote_web_driver, xcuitestFindOptimizations=true, bundleId=com.apple.mobilesafari, databaseEnabled=false, serverConnector=, serverHost=1.5.43.22:11605, securityToken=, executionId=dinesh.venkataraman@internal.53.com_RemoteWebDriver_18-07-26_07_40_53_791, locationContextEnabled=false, scriptName=RemoteWebDriver, reportKey=dinesh.venkataraman@internal.53.com_RemoteWebDriver_18-07-26_07_40_53_791, windTunnelReportUrl=https://fifththird.reporting.perfectomobile.com/library?externalId[0]=dinesh.venkataraman@internal.53.com_RemoteWebDriver_18-07-26_07_40_53_791&_timestamp[0]=1532590853237, user=, autoAcceptAlerts=true}]
Session ID: 06b1aef7-b99e-402e-8942-e4c473a0d059
*** Element info: {Using=xpath, value=//AppiumAUT/XCUIElementTypeApplication[1]/XCUIElementTypeWindow[1]/XCUIElementTypeOther[1]/XCUIElementTypeOther[2]/XCUIElementTypeOther[2]/XCUIElementTypeTextField[1]}
For documentation on this error, please visit: http://seleniumhq.org/exceptions/no_such_element.html
Build info: version: '2.53.1', revision: 'a36b8b1cd5757287168e54b817830adce9b0158d', time: '2016-06-30 19:26:09'
System info: host: 'Bingo', ip: '192.168.1.4', os.name: 'Mac OS X', os.arch: 'x86_64', os.version: '10.13.6', java.version: '1.8.0_60'
Driver info: driver.version: IOSDriver
at sun.reflect.NativeConstructorAccessorImpl.newInstance0(Native Method)
at sun.reflect.NativeConstructorAccessorImpl.newInstance(NativeConstructorAccessorImpl.java:62)
at sun.reflect.DelegatingConstructorAccessorImpl.newInstance(DelegatingConstructorAccessorImpl.java:45)
at java.lang.reflect.Constructor.newInstance(Constructor.java:423)
at org.openqa.selenium.remote.ErrorHandler.createThrowable(ErrorHandler.java:214)
at org.openqa.selenium.remote.ErrorHandler.throwIfResponseFailed(ErrorHandler.java:166)
at org.openqa.selenium.remote.http.JsonHttpResponseCodec.reconstructValue(JsonHttpResponseCodec.java:40)
at org.openqa.selenium.remote.http.AbstractHttpResponseCodec.decode(AbstractHttpResponseCodec.java:82)
at org.openqa.selenium.remote.http.AbstractHttpResponseCodec.decode(AbstractHttpResponseCodec.java:45)
at org.openqa.selenium.remote.HttpCommandExecutor.execute(HttpCommandExecutor.java:164)
at io.appium.java_client.remote.AppiumCommandExecutor.execute(AppiumCommandExecutor.java:89)
at org.openqa.selenium.remote.RemoteWebDriver.execute(RemoteWebDriver.java:586)
at io.appium.java_client.DefaultGenericMobileDriver.execute(DefaultGenericMobileDriver.java:42)
at io.appium.java_client.AppiumDriver.execute(AppiumDriver.java:1)
at io.appium.java_client.ios.IOSDriver.execute(IOSDriver.java:1)
at org.openqa.selenium.remote.RemoteWebDriver.findElement(RemoteWebDriver.java:356)
at io.appium.java_client.DefaultGenericMobileDriver.findElement(DefaultGenericMobileDriver.java:62)
at io.appium.java_client.AppiumDriver.findElement(AppiumDriver.java:1)
at io.appium.java_client.ios.IOSDriver.findElement(IOSDriver.java:1)
at org.openqa.selenium.remote.RemoteWebDriver.findElementByXPath(RemoteWebDriver.java:458)
at io.appium.java_client.DefaultGenericMobileDriver.findElementByXPath(DefaultGenericMobileDriver.java:140)
at io.appium.java_client.AppiumDriver.findElementByXPath(AppiumDriver.java:1)
at io.appium.java_client.ios.IOSDriver.findElementByXPath(IOSDriver.java:1)
at org.openqa.selenium.By$ByXPath.findElement(By.java:361)
at org.openqa.selenium.remote.RemoteWebDriver.findElement(RemoteWebDriver.java:348)
at io.appium.java_client.DefaultGenericMobileDriver.findElement(DefaultGenericMobileDriver.java:58)
at io.appium.java_client.AppiumDriver.findElement(AppiumDriver.java:1)
at io.appium.java_client.ios.IOSDriver.findElement(IOSDriver.java:1)
at com.perfectomobile.selenium.server.appium.AppiumDriverWrapper$24.call(AppiumDriverWrapper.java:635)
at com.nexperience.function.execute.ExecuteCallableCommand.process(ExecuteCallableCommand.java:30)
at com.nexperience.engine.script.command.AbstractScriptCommand.doExecute(AbstractScriptCommand.java:173)
at com.nexperience.engine.script.command.ScriptCommandBase.execute(ScriptCommandBase.java:107)
at com.nexperience.engine.script.tcl.event.CommandTclEvent.processEvent(CommandTclEvent.java:43)
at com.nexperience.engine.script.tcl.event.MaseTclEvent.processEvent(MaseTclEvent.java:56)
at tcl.lang.Notifier.serviceEvent(Notifier.java:457)
at tcl.lang.Notifier.doOneEvent(Notifier.java:610)
at tcl.lang.Notifier.processTclEvents(Notifier.java:786)
at com.nexperience.engine.script.tcl.event.TclEventProcessor.start(TclEventProcessor.java:78)
at com.nexperience.engine.script.tcl.TclInterpreter.startEventProcessing(TclInterpreter.java:550)
at com.nexperience.engine.script.execution.step.StepExecutionEventProcessor.callImpl(StepExecutionEventProcessor.java:85)
at com.nexperience.engine.script.execution.step.StepExecutionEventProcessor.callImpl(StepExecutionEventProcessor.java:21)
at com.nexperience.util.thread.WrappedCallable.call(WrappedCallable.java:31)
at java.util.concurrent.FutureTask.run(FutureTask.java:266)
at java.util.concurrent.ThreadPoolExecutor.runWorker(ThreadPoolExecutor.java:1142)
at java.util.concurrent.ThreadPoolExecutor$Worker.run(ThreadPoolExecutor.java:617)
at java.lang.Thread.run(Thread.java:748)
]]>
            </full-stacktrace>
          </exception> <!-- org.openqa.selenium.NoSuchElementException -->
          <reporter-output>
            <line>
              <![CDATA[█▀▀▀▀▀▀▀▀▀▀▀▀▀▀▀▀▀▀▀▀▀▀▀▀▀▀▀▀▀▀▀▀▀▀▀▀▀█]]>
            </line>
            <line>
              <![CDATA[█ TEST STARTED: enterUsernamePassword █]]>
            </line>
            <line>
              <![CDATA[█▄▄▄▄▄▄▄▄▄▄▄▄▄▄▄▄▄▄▄▄▄▄▄▄▄▄▄▄▄▄▄▄▄▄▄▄▄█]]>
            </line>
            <line>
              <![CDATA[<div style="display:block;margin-left:10px;"><div  class="fail"><span class="fail-label">F </span>An element could not be located on the page using the given search parameters. (WARNING: The server did not provide any stacktrace information)
Command duration or timeout: 0 milliseconds
For documentation on this error, please visit: http://seleniumhq.org/exceptions/no_such_element.html
Build info: version: '3.6.0', revision: '6fbf3ec767', time: '2017-09-27T15:28:36.4Z'
System info: host: 'ba1ffa30e57b', ip: '172.18.0.4', os.name: 'Linux', os.arch: 'amd64', os.version: '4.4.0-47-generic', java.version: '1.8.0_131'
Driver info: io.appium.java_client.ios.IOSDriver
Capabilities [{reportPdfUrl=https://fifththird.reporting.perfectomobile.com/export/api/v1/test-executions/pdf?externalId[0]=dinesh.venkataraman@internal.53.com_RemoteWebDriver_18-07-26_07_40_53_791&_timestamp[0]=1532590853237, simpleIsVisibleCheck=true, deviceName=6CEDD7EA68F5F5211728B0554694B223BB4F86ED, platform=MAC, password=, deviceSessionId=dinesh.venkataraman@internal.53.com_RemoteWebDriver_18-07-26_07_40_53_791, platformVersion=11.4, webStorageEnabled=false, host=fifththird.perfectomobile.com, singleTestReportUrl=https://fifththird.reporting.perfectomobile.com/library?externalId[0]=dinesh.venkataraman@internal.53.com_RemoteWebDriver_18-07-26_07_40_53_791&_timestamp[0]=1532590853237, browserName=, takesScreenshot=true, javascriptEnabled=true, model=iPhone-8 Plus, platformName=MAC, networkConnectionEnabled=false, testGridReportUrl=https://fifththird.reporting.perfectomobile.com/library?externalId[0]=dinesh.venkataraman@internal.53.com_RemoteWebDriver_18-07-26_07_40_53_791&_timestamp[0]=1532590853237, entityType=remote_web_driver, xcuitestFindOptimizations=true, bundleId=com.apple.mobilesafari, databaseEnabled=false, serverConnector=, serverHost=1.5.43.22:11605, securityToken=, executionId=dinesh.venkataraman@internal.53.com_RemoteWebDriver_18-07-26_07_40_53_791, locationContextEnabled=false, scriptName=RemoteWebDriver, reportKey=dinesh.venkataraman@internal.53.com_RemoteWebDriver_18-07-26_07_40_53_791, windTunnelReportUrl=https://fifththird.reporting.perfectomobile.com/library?externalId[0]=dinesh.venkataraman@internal.53.com_RemoteWebDriver_18-07-26_07_40_53_791&_timestamp[0]=1532590853237, user=, autoAcceptAlerts=true}]
Session ID: 06b1aef7-b99e-402e-8942-e4c473a0d059
*** Element info: {Using=xpath, value=//AppiumAUT/XCUIElementTypeApplication[1]/XCUIElementTypeWindow[1]/XCUIElementTypeOther[1]/XCUIElementTypeOther[2]/XCUIElementTypeOther[2]/XCUIElementTypeTextField[1]}
Command duration or timeout: 15.90 seconds
For documentation on this error, please visit: http://seleniumhq.org/exceptions/no_such_element.html
Build info: version: '2.53.1', revision: 'a36b8b1cd5757287168e54b817830adce9b0158d', time: '2016-06-30 19:26:09'
System info: host: 'Bingo', ip: '192.168.1.4', os.name: 'Mac OS X', os.arch: 'x86_64', os.version: '10.13.6', java.version: '1.8.0_60'
Driver info: io.appium.java_client.ios.IOSDriver
Capabilities [{reportPdfUrl=https://fifththird.reporting.perfectomobile.com/export/api/v1/test-executions/pdf?externalId[0]=dinesh.venkataraman@internal.53.com_RemoteWebDriver_18-07-26_07_40_53_791&_timestamp[0]=1532590853237, simpleIsVisibleCheck=true, deviceName=6CEDD7EA68F5F5211728B0554694B223BB4F86ED, platform=ANY, password=, deviceSessionId=dinesh.venkataraman@internal.53.com_RemoteWebDriver_18-07-26_07_40_53_791, platformVersion=11.4, host=fifththird.perfectomobile.com, singleTestReportUrl=https://fifththird.reporting.perfectomobile.com/library?externalId[0]=dinesh.venkataraman@internal.53.com_RemoteWebDriver_18-07-26_07_40_53_791&_timestamp[0]=1532590853237, takesScreenshot=true, model=iPhone-8 Plus, javascriptEnabled=true, platformName=iOS, rotatable=true, testGridReportUrl=https://fifththird.reporting.perfectomobile.com/library?externalId[0]=dinesh.venkataraman@internal.53.com_RemoteWebDriver_18-07-26_07_40_53_791&_timestamp[0]=1532590853237, entityType=remote_web_driver, xcuitestFindOptimizations=true, bundleId=com.apple.mobilesafari, serverConnector=, serverHost=1.5.43.22:11605, securityToken=, executionId=dinesh.venkataraman@internal.53.com_RemoteWebDriver_18-07-26_07_40_53_791, webdriver.remote.sessionid=4b918aa7-6b50-46d4-859d-8b5499016994, locationContextEnabled=true, scriptName=RemoteWebDriver, reportKey=dinesh.venkataraman@internal.53.com_RemoteWebDriver_18-07-26_07_40_53_791, windTunnelReportUrl=https://fifththird.reporting.perfectomobile.com/library?externalId[0]=dinesh.venkataraman@internal.53.com_RemoteWebDriver_18-07-26_07_40_53_791&_timestamp[0]=1532590853237, user=, cssSelectorsEnabled=true, autoAcceptAlerts=true}]
Session ID: 4b918aa7-6b50-46d4-859d-8b5499016994
*** Element info: {Using=xpath, value=//AppiumAUT/XCUIElementTypeApplication[1]/XCUIElementTypeWindow[1]/XCUIElementTypeOther[1]/XCUIElementTypeOther[2]/XCUIElementTypeOther[2]/XCUIElementTypeTextField[1]}</div></div>]]>
            </line>
          </reporter-output>
        </test-method> <!-- enterUsernamePassword -->
        <test-method status="FAIL" signature="clickLogin()[pri:3, instance:fifththird.login.mobileTesting@1198b989]" name="clickLogin" duration-ms="17186" started-at="2018-07-26T07:41:43Z" finished-at="2018-07-26T07:42:01Z">
          <exception class="org.openqa.selenium.NoSuchElementException">
            <message>
              <![CDATA[An element could not be located on the page using the given search parameters. (WARNING: The server did not provide any stacktrace information)
Command duration or timeout: 0 milliseconds
For documentation on this error, please visit: http://seleniumhq.org/exceptions/no_such_element.html
Build info: version: '3.6.0', revision: '6fbf3ec767', time: '2017-09-27T15:28:36.4Z'
System info: host: 'ba1ffa30e57b', ip: '172.18.0.4', os.name: 'Linux', os.arch: 'amd64', os.version: '4.4.0-47-generic', java.version: '1.8.0_131'
Driver info: io.appium.java_client.ios.IOSDriver
Capabilities [{reportPdfUrl=https://fifththird.reporting.perfectomobile.com/export/api/v1/test-executions/pdf?externalId[0]=dinesh.venkataraman@internal.53.com_RemoteWebDriver_18-07-26_07_40_53_791&_timestamp[0]=1532590853237, simpleIsVisibleCheck=true, deviceName=6CEDD7EA68F5F5211728B0554694B223BB4F86ED, platform=MAC, password=, deviceSessionId=dinesh.venkataraman@internal.53.com_RemoteWebDriver_18-07-26_07_40_53_791, platformVersion=11.4, webStorageEnabled=false, host=fifththird.perfectomobile.com, singleTestReportUrl=https://fifththird.reporting.perfectomobile.com/library?externalId[0]=dinesh.venkataraman@internal.53.com_RemoteWebDriver_18-07-26_07_40_53_791&_timestamp[0]=1532590853237, browserName=, takesScreenshot=true, javascriptEnabled=true, model=iPhone-8 Plus, platformName=MAC, networkConnectionEnabled=false, testGridReportUrl=https://fifththird.reporting.perfectomobile.com/library?externalId[0]=dinesh.venkataraman@internal.53.com_RemoteWebDriver_18-07-26_07_40_53_791&_timestamp[0]=1532590853237, entityType=remote_web_driver, xcuitestFindOptimizations=true, bundleId=com.apple.mobilesafari, databaseEnabled=false, serverConnector=, serverHost=1.5.43.22:11605, securityToken=, executionId=dinesh.venkataraman@internal.53.com_RemoteWebDriver_18-07-26_07_40_53_791, locationContextEnabled=false, scriptName=RemoteWebDriver, reportKey=dinesh.venkataraman@internal.53.com_RemoteWebDriver_18-07-26_07_40_53_791, windTunnelReportUrl=https://fifththird.reporting.perfectomobile.com/library?externalId[0]=dinesh.venkataraman@internal.53.com_RemoteWebDriver_18-07-26_07_40_53_791&_timestamp[0]=1532590853237, user=, autoAcceptAlerts=true}]
Session ID: 06b1aef7-b99e-402e-8942-e4c473a0d059
*** Element info: {Using=xpath, value=//AppiumAUT/XCUIElementTypeApplication[1]/XCUIElementTypeWindow[1]/XCUIElementTypeOther[1]/XCUIElementTypeOther[2]/XCUIElementTypeOther[2]/XCUIElementTypeButton[1]}
Command duration or timeout: 15.98 seconds
For documentation on this error, please visit: http://seleniumhq.org/exceptions/no_such_element.html
Build info: version: '2.53.1', revision: 'a36b8b1cd5757287168e54b817830adce9b0158d', time: '2016-06-30 19:26:09'
System info: host: 'Bingo', ip: '192.168.1.4', os.name: 'Mac OS X', os.arch: 'x86_64', os.version: '10.13.6', java.version: '1.8.0_60'
Driver info: io.appium.java_client.ios.IOSDriver
Capabilities [{reportPdfUrl=https://fifththird.reporting.perfectomobile.com/export/api/v1/test-executions/pdf?externalId[0]=dinesh.venkataraman@internal.53.com_RemoteWebDriver_18-07-26_07_40_53_791&_timestamp[0]=1532590853237, simpleIsVisibleCheck=true, deviceName=6CEDD7EA68F5F5211728B0554694B223BB4F86ED, platform=ANY, password=, deviceSessionId=dinesh.venkataraman@internal.53.com_RemoteWebDriver_18-07-26_07_40_53_791, platformVersion=11.4, host=fifththird.perfectomobile.com, singleTestReportUrl=https://fifththird.reporting.perfectomobile.com/library?externalId[0]=dinesh.venkataraman@internal.53.com_RemoteWebDriver_18-07-26_07_40_53_791&_timestamp[0]=1532590853237, takesScreenshot=true, model=iPhone-8 Plus, javascriptEnabled=true, platformName=iOS, rotatable=true, testGridReportUrl=https://fifththird.reporting.perfectomobile.com/library?externalId[0]=dinesh.venkataraman@internal.53.com_RemoteWebDriver_18-07-26_07_40_53_791&_timestamp[0]=1532590853237, entityType=remote_web_driver, xcuitestFindOptimizations=true, bundleId=com.apple.mobilesafari, serverConnector=, serverHost=1.5.43.22:11605, securityToken=, executionId=dinesh.venkataraman@internal.53.com_RemoteWebDriver_18-07-26_07_40_53_791, webdriver.remote.sessionid=4b918aa7-6b50-46d4-859d-8b5499016994, locationContextEnabled=true, scriptName=RemoteWebDriver, reportKey=dinesh.venkataraman@internal.53.com_RemoteWebDriver_18-07-26_07_40_53_791, windTunnelReportUrl=https://fifththird.reporting.perfectomobile.com/library?externalId[0]=dinesh.venkataraman@internal.53.com_RemoteWebDriver_18-07-26_07_40_53_791&_timestamp[0]=1532590853237, user=, cssSelectorsEnabled=true, autoAcceptAlerts=true}]
Session ID: 4b918aa7-6b50-46d4-859d-8b5499016994
*** Element info: {Using=xpath, value=//AppiumAUT/XCUIElementTypeApplication[1]/XCUIElementTypeWindow[1]/XCUIElementTypeOther[1]/XCUIElementTypeOther[2]/XCUIElementTypeOther[2]/XCUIElementTypeButton[1]}]]>
            </message>
            <full-stacktrace>
              <![CDATA[org.openqa.selenium.NoSuchElementException: An element could not be located on the page using the given search parameters. (WARNING: The server did not provide any stacktrace information)
Command duration or timeout: 0 milliseconds
For documentation on this error, please visit: http://seleniumhq.org/exceptions/no_such_element.html
Build info: version: '3.6.0', revision: '6fbf3ec767', time: '2017-09-27T15:28:36.4Z'
System info: host: 'ba1ffa30e57b', ip: '172.18.0.4', os.name: 'Linux', os.arch: 'amd64', os.version: '4.4.0-47-generic', java.version: '1.8.0_131'
Driver info: io.appium.java_client.ios.IOSDriver
Capabilities [{reportPdfUrl=https://fifththird.reporting.perfectomobile.com/export/api/v1/test-executions/pdf?externalId[0]=dinesh.venkataraman@internal.53.com_RemoteWebDriver_18-07-26_07_40_53_791&_timestamp[0]=1532590853237, simpleIsVisibleCheck=true, deviceName=6CEDD7EA68F5F5211728B0554694B223BB4F86ED, platform=MAC, password=, deviceSessionId=dinesh.venkataraman@internal.53.com_RemoteWebDriver_18-07-26_07_40_53_791, platformVersion=11.4, webStorageEnabled=false, host=fifththird.perfectomobile.com, singleTestReportUrl=https://fifththird.reporting.perfectomobile.com/library?externalId[0]=dinesh.venkataraman@internal.53.com_RemoteWebDriver_18-07-26_07_40_53_791&_timestamp[0]=1532590853237, browserName=, takesScreenshot=true, javascriptEnabled=true, model=iPhone-8 Plus, platformName=MAC, networkConnectionEnabled=false, testGridReportUrl=https://fifththird.reporting.perfectomobile.com/library?externalId[0]=dinesh.venkataraman@internal.53.com_RemoteWebDriver_18-07-26_07_40_53_791&_timestamp[0]=1532590853237, entityType=remote_web_driver, xcuitestFindOptimizations=true, bundleId=com.apple.mobilesafari, databaseEnabled=false, serverConnector=, serverHost=1.5.43.22:11605, securityToken=, executionId=dinesh.venkataraman@internal.53.com_RemoteWebDriver_18-07-26_07_40_53_791, locationContextEnabled=false, scriptName=RemoteWebDriver, reportKey=dinesh.venkataraman@internal.53.com_RemoteWebDriver_18-07-26_07_40_53_791, windTunnelReportUrl=https://fifththird.reporting.perfectomobile.com/library?externalId[0]=dinesh.venkataraman@internal.53.com_RemoteWebDriver_18-07-26_07_40_53_791&_timestamp[0]=1532590853237, user=, autoAcceptAlerts=true}]
Session ID: 06b1aef7-b99e-402e-8942-e4c473a0d059
*** Element info: {Using=xpath, value=//AppiumAUT/XCUIElementTypeApplication[1]/XCUIElementTypeWindow[1]/XCUIElementTypeOther[1]/XCUIElementTypeOther[2]/XCUIElementTypeOther[2]/XCUIElementTypeButton[1]}
Command duration or timeout: 15.98 seconds
For documentation on this error, please visit: http://seleniumhq.org/exceptions/no_such_element.html
Build info: version: '2.53.1', revision: 'a36b8b1cd5757287168e54b817830adce9b0158d', time: '2016-06-30 19:26:09'
System info: host: 'Bingo', ip: '192.168.1.4', os.name: 'Mac OS X', os.arch: 'x86_64', os.version: '10.13.6', java.version: '1.8.0_60'
Driver info: io.appium.java_client.ios.IOSDriver
Capabilities [{reportPdfUrl=https://fifththird.reporting.perfectomobile.com/export/api/v1/test-executions/pdf?externalId[0]=dinesh.venkataraman@internal.53.com_RemoteWebDriver_18-07-26_07_40_53_791&_timestamp[0]=1532590853237, simpleIsVisibleCheck=true, deviceName=6CEDD7EA68F5F5211728B0554694B223BB4F86ED, platform=ANY, password=, deviceSessionId=dinesh.venkataraman@internal.53.com_RemoteWebDriver_18-07-26_07_40_53_791, platformVersion=11.4, host=fifththird.perfectomobile.com, singleTestReportUrl=https://fifththird.reporting.perfectomobile.com/library?externalId[0]=dinesh.venkataraman@internal.53.com_RemoteWebDriver_18-07-26_07_40_53_791&_timestamp[0]=1532590853237, takesScreenshot=true, model=iPhone-8 Plus, javascriptEnabled=true, platformName=iOS, rotatable=true, testGridReportUrl=https://fifththird.reporting.perfectomobile.com/library?externalId[0]=dinesh.venkataraman@internal.53.com_RemoteWebDriver_18-07-26_07_40_53_791&_timestamp[0]=1532590853237, entityType=remote_web_driver, xcuitestFindOptimizations=true, bundleId=com.apple.mobilesafari, serverConnector=, serverHost=1.5.43.22:11605, securityToken=, executionId=dinesh.venkataraman@internal.53.com_RemoteWebDriver_18-07-26_07_40_53_791, webdriver.remote.sessionid=4b918aa7-6b50-46d4-859d-8b5499016994, locationContextEnabled=true, scriptName=RemoteWebDriver, reportKey=dinesh.venkataraman@internal.53.com_RemoteWebDriver_18-07-26_07_40_53_791, windTunnelReportUrl=https://fifththird.reporting.perfectomobile.com/library?externalId[0]=dinesh.venkataraman@internal.53.com_RemoteWebDriver_18-07-26_07_40_53_791&_timestamp[0]=1532590853237, user=, cssSelectorsEnabled=true, autoAcceptAlerts=true}]
Session ID: 4b918aa7-6b50-46d4-859d-8b5499016994
*** Element info: {Using=xpath, value=//AppiumAUT/XCUIElementTypeApplication[1]/XCUIElementTypeWindow[1]/XCUIElementTypeOther[1]/XCUIElementTypeOther[2]/XCUIElementTypeOther[2]/XCUIElementTypeButton[1]}
at sun.reflect.NativeConstructorAccessorImpl.newInstance0(Native Method)
at sun.reflect.NativeConstructorAccessorImpl.newInstance(NativeConstructorAccessorImpl.java:62)
at sun.reflect.DelegatingConstructorAccessorImpl.newInstance(DelegatingConstructorAccessorImpl.java:45)
at java.lang.reflect.Constructor.newInstance(Constructor.java:422)
at org.openqa.selenium.remote.ErrorHandler.createThrowable(ErrorHandler.java:206)
at org.openqa.selenium.remote.ErrorHandler.throwIfResponseFailed(ErrorHandler.java:158)
at org.openqa.selenium.remote.RemoteWebDriver.execute(RemoteWebDriver.java:678)
at io.appium.java_client.DefaultGenericMobileDriver.execute(DefaultGenericMobileDriver.java:40)
at io.appium.java_client.AppiumDriver.execute(AppiumDriver.java:1)
at io.appium.java_client.ios.IOSDriver.execute(IOSDriver.java:1)
at org.openqa.selenium.remote.RemoteWebDriver.findElement(RemoteWebDriver.java:363)
at io.appium.java_client.DefaultGenericMobileDriver.findElement(DefaultGenericMobileDriver.java:56)
at io.appium.java_client.AppiumDriver.findElement(AppiumDriver.java:1)
at io.appium.java_client.ios.IOSDriver.findElement(IOSDriver.java:1)
at org.openqa.selenium.remote.RemoteWebDriver.findElementByXPath(RemoteWebDriver.java:500)
at io.appium.java_client.DefaultGenericMobileDriver.findElementByXPath(DefaultGenericMobileDriver.java:134)
at io.appium.java_client.AppiumDriver.findElementByXPath(AppiumDriver.java:1)
at io.appium.java_client.ios.IOSDriver.findElementByXPath(IOSDriver.java:1)
at org.openqa.selenium.By$ByXPath.findElement(By.java:361)
at org.openqa.selenium.remote.RemoteWebDriver.findElement(RemoteWebDriver.java:355)
at io.appium.java_client.DefaultGenericMobileDriver.findElement(DefaultGenericMobileDriver.java:52)
at io.appium.java_client.AppiumDriver.findElement(AppiumDriver.java:1)
at io.appium.java_client.ios.IOSDriver.findElement(IOSDriver.java:1)
at fifththird.login.mobileTesting.clickLogin(mobileTesting.java:91)
at sun.reflect.NativeMethodAccessorImpl.invoke0(Native Method)
at sun.reflect.NativeMethodAccessorImpl.invoke(NativeMethodAccessorImpl.java:62)
at sun.reflect.DelegatingMethodAccessorImpl.invoke(DelegatingMethodAccessorImpl.java:43)
at java.lang.reflect.Method.invoke(Method.java:497)
at org.testng.internal.MethodInvocationHelper.invokeMethod(MethodInvocationHelper.java:124)
at org.testng.internal.Invoker.invokeMethod(Invoker.java:580)
at org.testng.internal.Invoker.invokeTestMethod(Invoker.java:716)
at org.testng.internal.Invoker.invokeTestMethods(Invoker.java:988)
at org.testng.internal.TestMethodWorker.invokeTestMethods(TestMethodWorker.java:125)
at org.testng.internal.TestMethodWorker.run(TestMethodWorker.java:109)
at org.testng.TestRunner.privateRun(TestRunner.java:648)
at org.testng.TestRunner.run(TestRunner.java:505)
at org.testng.SuiteRunner.runTest(SuiteRunner.java:455)
at org.testng.SuiteRunner.access$000(SuiteRunner.java:40)
at org.testng.SuiteRunner$SuiteWorker.run(SuiteRunner.java:489)
at org.testng.internal.thread.ThreadUtil$1.call(ThreadUtil.java:52)
at java.util.concurrent.FutureTask.run(FutureTask.java:266)
at java.util.concurrent.ThreadPoolExecutor.runWorker(ThreadPoolExecutor.java:1142)
at java.util.concurrent.ThreadPoolExecutor$Worker.run(ThreadPoolExecutor.java:617)
at java.lang.Thread.run(Thread.java:745)
Caused by: org.openqa.selenium.NoSuchElementException: An element could not be located on the page using the given search parameters. (WARNING: The server did not provide any stacktrace information)
Command duration or timeout: 0 milliseconds
For documentation on this error, please visit: http://seleniumhq.org/exceptions/no_such_element.html
Build info: version: '3.6.0', revision: '6fbf3ec767', time: '2017-09-27T15:28:36.4Z'
System info: host: 'ba1ffa30e57b', ip: '172.18.0.4', os.name: 'Linux', os.arch: 'amd64', os.version: '4.4.0-47-generic', java.version: '1.8.0_131'
Driver info: io.appium.java_client.ios.IOSDriver
Capabilities [{reportPdfUrl=https://fifththird.reporting.perfectomobile.com/export/api/v1/test-executions/pdf?externalId[0]=dinesh.venkataraman@internal.53.com_RemoteWebDriver_18-07-26_07_40_53_791&_timestamp[0]=1532590853237, simpleIsVisibleCheck=true, deviceName=6CEDD7EA68F5F5211728B0554694B223BB4F86ED, platform=MAC, password=, deviceSessionId=dinesh.venkataraman@internal.53.com_RemoteWebDriver_18-07-26_07_40_53_791, platformVersion=11.4, webStorageEnabled=false, host=fifththird.perfectomobile.com, singleTestReportUrl=https://fifththird.reporting.perfectomobile.com/library?externalId[0]=dinesh.venkataraman@internal.53.com_RemoteWebDriver_18-07-26_07_40_53_791&_timestamp[0]=1532590853237, browserName=, takesScreenshot=true, javascriptEnabled=true, model=iPhone-8 Plus, platformName=MAC, networkConnectionEnabled=false, testGridReportUrl=https://fifththird.reporting.perfectomobile.com/library?externalId[0]=dinesh.venkataraman@internal.53.com_RemoteWebDriver_18-07-26_07_40_53_791&_timestamp[0]=1532590853237, entityType=remote_web_driver, xcuitestFindOptimizations=true, bundleId=com.apple.mobilesafari, databaseEnabled=false, serverConnector=, serverHost=1.5.43.22:11605, securityToken=, executionId=dinesh.venkataraman@internal.53.com_RemoteWebDriver_18-07-26_07_40_53_791, locationContextEnabled=false, scriptName=RemoteWebDriver, reportKey=dinesh.venkataraman@internal.53.com_RemoteWebDriver_18-07-26_07_40_53_791, windTunnelReportUrl=https://fifththird.reporting.perfectomobile.com/library?externalId[0]=dinesh.venkataraman@internal.53.com_RemoteWebDriver_18-07-26_07_40_53_791&_timestamp[0]=1532590853237, user=, autoAcceptAlerts=true}]
Session ID: 06b1aef7-b99e-402e-8942-e4c473a0d059
*** Element info: {Using=xpath, value=//AppiumAUT/XCUIElementTypeApplication[1]/XCUIElementTypeWindow[1]/XCUIElementTypeOther[1]/XCUIElementTypeOther[2]/XCUIElementTypeOther[2]/XCUIElementTypeButton[1]}
For documentation on this error, please visit: http://seleniumhq.org/exceptions/no_such_element.html
Build info: version: '2.53.1', revision: 'a36b8b1cd5757287168e54b817830adce9b0158d', time: '2016-06-30 19:26:09'
System info: host: 'Bingo', ip: '192.168.1.4', os.name: 'Mac OS X', os.arch: 'x86_64', os.version: '10.13.6', java.version: '1.8.0_60'
Driver info: driver.version: IOSDriver
at sun.reflect.NativeConstructorAccessorImpl.newInstance0(Native Method)
at sun.reflect.NativeConstructorAccessorImpl.newInstance(NativeConstructorAccessorImpl.java:62)
at sun.reflect.DelegatingConstructorAccessorImpl.newInstance(DelegatingConstructorAccessorImpl.java:45)
at java.lang.reflect.Constructor.newInstance(Constructor.java:423)
at org.openqa.selenium.remote.ErrorHandler.createThrowable(ErrorHandler.java:214)
at org.openqa.selenium.remote.ErrorHandler.throwIfResponseFailed(ErrorHandler.java:166)
at org.openqa.selenium.remote.http.JsonHttpResponseCodec.reconstructValue(JsonHttpResponseCodec.java:40)
at org.openqa.selenium.remote.http.AbstractHttpResponseCodec.decode(AbstractHttpResponseCodec.java:82)
at org.openqa.selenium.remote.http.AbstractHttpResponseCodec.decode(AbstractHttpResponseCodec.java:45)
at org.openqa.selenium.remote.HttpCommandExecutor.execute(HttpCommandExecutor.java:164)
at io.appium.java_client.remote.AppiumCommandExecutor.execute(AppiumCommandExecutor.java:89)
at org.openqa.selenium.remote.RemoteWebDriver.execute(RemoteWebDriver.java:586)
at io.appium.java_client.DefaultGenericMobileDriver.execute(DefaultGenericMobileDriver.java:42)
at io.appium.java_client.AppiumDriver.execute(AppiumDriver.java:1)
at io.appium.java_client.ios.IOSDriver.execute(IOSDriver.java:1)
at org.openqa.selenium.remote.RemoteWebDriver.findElement(RemoteWebDriver.java:356)
at io.appium.java_client.DefaultGenericMobileDriver.findElement(DefaultGenericMobileDriver.java:62)
at io.appium.java_client.AppiumDriver.findElement(AppiumDriver.java:1)
at io.appium.java_client.ios.IOSDriver.findElement(IOSDriver.java:1)
at org.openqa.selenium.remote.RemoteWebDriver.findElementByXPath(RemoteWebDriver.java:458)
at io.appium.java_client.DefaultGenericMobileDriver.findElementByXPath(DefaultGenericMobileDriver.java:140)
at io.appium.java_client.AppiumDriver.findElementByXPath(AppiumDriver.java:1)
at io.appium.java_client.ios.IOSDriver.findElementByXPath(IOSDriver.java:1)
at org.openqa.selenium.By$ByXPath.findElement(By.java:361)
at org.openqa.selenium.remote.RemoteWebDriver.findElement(RemoteWebDriver.java:348)
at io.appium.java_client.DefaultGenericMobileDriver.findElement(DefaultGenericMobileDriver.java:58)
at io.appium.java_client.AppiumDriver.findElement(AppiumDriver.java:1)
at io.appium.java_client.ios.IOSDriver.findElement(IOSDriver.java:1)
at com.perfectomobile.selenium.server.appium.AppiumDriverWrapper$24.call(AppiumDriverWrapper.java:635)
at com.nexperience.function.execute.ExecuteCallableCommand.process(ExecuteCallableCommand.java:30)
at com.nexperience.engine.script.command.AbstractScriptCommand.doExecute(AbstractScriptCommand.java:173)
at com.nexperience.engine.script.command.ScriptCommandBase.execute(ScriptCommandBase.java:107)
at com.nexperience.engine.script.tcl.event.CommandTclEvent.processEvent(CommandTclEvent.java:43)
at com.nexperience.engine.script.tcl.event.MaseTclEvent.processEvent(MaseTclEvent.java:56)
at tcl.lang.Notifier.serviceEvent(Notifier.java:457)
at tcl.lang.Notifier.doOneEvent(Notifier.java:610)
at tcl.lang.Notifier.processTclEvents(Notifier.java:786)
at com.nexperience.engine.script.tcl.event.TclEventProcessor.start(TclEventProcessor.java:78)
at com.nexperience.engine.script.tcl.TclInterpreter.startEventProcessing(TclInterpreter.java:550)
at com.nexperience.engine.script.execution.step.StepExecutionEventProcessor.callImpl(StepExecutionEventProcessor.java:85)
at com.nexperience.engine.script.execution.step.StepExecutionEventProcessor.callImpl(StepExecutionEventProcessor.java:21)
at com.nexperience.util.thread.WrappedCallable.call(WrappedCallable.java:31)
at java.util.concurrent.FutureTask.run(FutureTask.java:266)
at java.util.concurrent.ThreadPoolExecutor.runWorker(ThreadPoolExecutor.java:1142)
at java.util.concurrent.ThreadPoolExecutor$Worker.run(ThreadPoolExecutor.java:617)
at java.lang.Thread.run(Thread.java:748)
]]>
            </full-stacktrace>
          </exception> <!-- org.openqa.selenium.NoSuchElementException -->
          <reporter-output>
            <line>
              <![CDATA[█▀▀▀▀▀▀▀▀▀▀▀▀▀▀▀▀▀▀▀▀▀▀▀▀▀▀█]]>
            </line>
            <line>
              <![CDATA[█ TEST STARTED: clickLogin █]]>
            </line>
            <line>
              <![CDATA[█▄▄▄▄▄▄▄▄▄▄▄▄▄▄▄▄▄▄▄▄▄▄▄▄▄▄█]]>
            </line>
            <line>
              <![CDATA[<div style="display:block;margin-left:10px;"><div  class="fail"><span class="fail-label">F </span>An element could not be located on the page using the given search parameters. (WARNING: The server did not provide any stacktrace information)
Command duration or timeout: 0 milliseconds
For documentation on this error, please visit: http://seleniumhq.org/exceptions/no_such_element.html
Build info: version: '3.6.0', revision: '6fbf3ec767', time: '2017-09-27T15:28:36.4Z'
System info: host: 'ba1ffa30e57b', ip: '172.18.0.4', os.name: 'Linux', os.arch: 'amd64', os.version: '4.4.0-47-generic', java.version: '1.8.0_131'
Driver info: io.appium.java_client.ios.IOSDriver
Capabilities [{reportPdfUrl=https://fifththird.reporting.perfectomobile.com/export/api/v1/test-executions/pdf?externalId[0]=dinesh.venkataraman@internal.53.com_RemoteWebDriver_18-07-26_07_40_53_791&_timestamp[0]=1532590853237, simpleIsVisibleCheck=true, deviceName=6CEDD7EA68F5F5211728B0554694B223BB4F86ED, platform=MAC, password=, deviceSessionId=dinesh.venkataraman@internal.53.com_RemoteWebDriver_18-07-26_07_40_53_791, platformVersion=11.4, webStorageEnabled=false, host=fifththird.perfectomobile.com, singleTestReportUrl=https://fifththird.reporting.perfectomobile.com/library?externalId[0]=dinesh.venkataraman@internal.53.com_RemoteWebDriver_18-07-26_07_40_53_791&_timestamp[0]=1532590853237, browserName=, takesScreenshot=true, javascriptEnabled=true, model=iPhone-8 Plus, platformName=MAC, networkConnectionEnabled=false, testGridReportUrl=https://fifththird.reporting.perfectomobile.com/library?externalId[0]=dinesh.venkataraman@internal.53.com_RemoteWebDriver_18-07-26_07_40_53_791&_timestamp[0]=1532590853237, entityType=remote_web_driver, xcuitestFindOptimizations=true, bundleId=com.apple.mobilesafari, databaseEnabled=false, serverConnector=, serverHost=1.5.43.22:11605, securityToken=, executionId=dinesh.venkataraman@internal.53.com_RemoteWebDriver_18-07-26_07_40_53_791, locationContextEnabled=false, scriptName=RemoteWebDriver, reportKey=dinesh.venkataraman@internal.53.com_RemoteWebDriver_18-07-26_07_40_53_791, windTunnelReportUrl=https://fifththird.reporting.perfectomobile.com/library?externalId[0]=dinesh.venkataraman@internal.53.com_RemoteWebDriver_18-07-26_07_40_53_791&_timestamp[0]=1532590853237, user=, autoAcceptAlerts=true}]
Session ID: 06b1aef7-b99e-402e-8942-e4c473a0d059
*** Element info: {Using=xpath, value=//AppiumAUT/XCUIElementTypeApplication[1]/XCUIElementTypeWindow[1]/XCUIElementTypeOther[1]/XCUIElementTypeOther[2]/XCUIElementTypeOther[2]/XCUIElementTypeButton[1]}
Command duration or timeout: 15.98 seconds
For documentation on this error, please visit: http://seleniumhq.org/exceptions/no_such_element.html
Build info: version: '2.53.1', revision: 'a36b8b1cd5757287168e54b817830adce9b0158d', time: '2016-06-30 19:26:09'
System info: host: 'Bingo', ip: '192.168.1.4', os.name: 'Mac OS X', os.arch: 'x86_64', os.version: '10.13.6', java.version: '1.8.0_60'
Driver info: io.appium.java_client.ios.IOSDriver
Capabilities [{reportPdfUrl=https://fifththird.reporting.perfectomobile.com/export/api/v1/test-executions/pdf?externalId[0]=dinesh.venkataraman@internal.53.com_RemoteWebDriver_18-07-26_07_40_53_791&_timestamp[0]=1532590853237, simpleIsVisibleCheck=true, deviceName=6CEDD7EA68F5F5211728B0554694B223BB4F86ED, platform=ANY, password=, deviceSessionId=dinesh.venkataraman@internal.53.com_RemoteWebDriver_18-07-26_07_40_53_791, platformVersion=11.4, host=fifththird.perfectomobile.com, singleTestReportUrl=https://fifththird.reporting.perfectomobile.com/library?externalId[0]=dinesh.venkataraman@internal.53.com_RemoteWebDriver_18-07-26_07_40_53_791&_timestamp[0]=1532590853237, takesScreenshot=true, model=iPhone-8 Plus, javascriptEnabled=true, platformName=iOS, rotatable=true, testGridReportUrl=https://fifththird.reporting.perfectomobile.com/library?externalId[0]=dinesh.venkataraman@internal.53.com_RemoteWebDriver_18-07-26_07_40_53_791&_timestamp[0]=1532590853237, entityType=remote_web_driver, xcuitestFindOptimizations=true, bundleId=com.apple.mobilesafari, serverConnector=, serverHost=1.5.43.22:11605, securityToken=, executionId=dinesh.venkataraman@internal.53.com_RemoteWebDriver_18-07-26_07_40_53_791, webdriver.remote.sessionid=4b918aa7-6b50-46d4-859d-8b5499016994, locationContextEnabled=true, scriptName=RemoteWebDriver, reportKey=dinesh.venkataraman@internal.53.com_RemoteWebDriver_18-07-26_07_40_53_791, windTunnelReportUrl=https://fifththird.reporting.perfectomobile.com/library?externalId[0]=dinesh.venkataraman@internal.53.com_RemoteWebDriver_18-07-26_07_40_53_791&_timestamp[0]=1532590853237, user=, cssSelectorsEnabled=true, autoAcceptAlerts=true}]
Session ID: 4b918aa7-6b50-46d4-859d-8b5499016994
*** Element info: {Using=xpath, value=//AppiumAUT/XCUIElementTypeApplication[1]/XCUIElementTypeWindow[1]/XCUIElementTypeOther[1]/XCUIElementTypeOther[2]/XCUIElementTypeOther[2]/XCUIElementTypeButton[1]}</div></div>]]>
            </line>
          </reporter-output>
        </test-method> <!-- clickLogin -->
        <test-method status="FAIL" signature="validateLogin()[pri:4, instance:fifththird.login.mobileTesting@1198b989]" name="validateLogin" duration-ms="16964" started-at="2018-07-26T07:42:01Z" finished-at="2018-07-26T07:42:18Z">
          <exception class="org.openqa.selenium.NoSuchElementException">
            <message>
              <![CDATA[An element could not be located on the page using the given search parameters. (WARNING: The server did not provide any stacktrace information)
Command duration or timeout: 0 milliseconds
For documentation on this error, please visit: http://seleniumhq.org/exceptions/no_such_element.html
Build info: version: '3.6.0', revision: '6fbf3ec767', time: '2017-09-27T15:28:36.4Z'
System info: host: 'ba1ffa30e57b', ip: '172.18.0.4', os.name: 'Linux', os.arch: 'amd64', os.version: '4.4.0-47-generic', java.version: '1.8.0_131'
Driver info: io.appium.java_client.ios.IOSDriver
Capabilities [{reportPdfUrl=https://fifththird.reporting.perfectomobile.com/export/api/v1/test-executions/pdf?externalId[0]=dinesh.venkataraman@internal.53.com_RemoteWebDriver_18-07-26_07_40_53_791&_timestamp[0]=1532590853237, simpleIsVisibleCheck=true, deviceName=6CEDD7EA68F5F5211728B0554694B223BB4F86ED, platform=MAC, password=, deviceSessionId=dinesh.venkataraman@internal.53.com_RemoteWebDriver_18-07-26_07_40_53_791, platformVersion=11.4, webStorageEnabled=false, host=fifththird.perfectomobile.com, singleTestReportUrl=https://fifththird.reporting.perfectomobile.com/library?externalId[0]=dinesh.venkataraman@internal.53.com_RemoteWebDriver_18-07-26_07_40_53_791&_timestamp[0]=1532590853237, browserName=, takesScreenshot=true, javascriptEnabled=true, model=iPhone-8 Plus, platformName=MAC, networkConnectionEnabled=false, testGridReportUrl=https://fifththird.reporting.perfectomobile.com/library?externalId[0]=dinesh.venkataraman@internal.53.com_RemoteWebDriver_18-07-26_07_40_53_791&_timestamp[0]=1532590853237, entityType=remote_web_driver, xcuitestFindOptimizations=true, bundleId=com.apple.mobilesafari, databaseEnabled=false, serverConnector=, serverHost=1.5.43.22:11605, securityToken=, executionId=dinesh.venkataraman@internal.53.com_RemoteWebDriver_18-07-26_07_40_53_791, locationContextEnabled=false, scriptName=RemoteWebDriver, reportKey=dinesh.venkataraman@internal.53.com_RemoteWebDriver_18-07-26_07_40_53_791, windTunnelReportUrl=https://fifththird.reporting.perfectomobile.com/library?externalId[0]=dinesh.venkataraman@internal.53.com_RemoteWebDriver_18-07-26_07_40_53_791&_timestamp[0]=1532590853237, user=, autoAcceptAlerts=true}]
Session ID: 06b1aef7-b99e-402e-8942-e4c473a0d059
*** Element info: {Using=xpath, value=//AppiumAUT/XCUIElementTypeApplication[1]/XCUIElementTypeWindow[1]/XCUIElementTypeOther[2]/XCUIElementTypeAlert[1]/XCUIElementTypeOther[1]/XCUIElementTypeOther[1]/XCUIElementTypeOther[2]/XCUIElementTypeOther[3]/XCUIElementTypeOther[1]/XCUIElementTypeOther[1]/XCUIElementTypeOther[1]/XCUIElementTypeButton[1]}
Command duration or timeout: 15.76 seconds
For documentation on this error, please visit: http://seleniumhq.org/exceptions/no_such_element.html
Build info: version: '2.53.1', revision: 'a36b8b1cd5757287168e54b817830adce9b0158d', time: '2016-06-30 19:26:09'
System info: host: 'Bingo', ip: '192.168.1.4', os.name: 'Mac OS X', os.arch: 'x86_64', os.version: '10.13.6', java.version: '1.8.0_60'
Driver info: io.appium.java_client.ios.IOSDriver
Capabilities [{reportPdfUrl=https://fifththird.reporting.perfectomobile.com/export/api/v1/test-executions/pdf?externalId[0]=dinesh.venkataraman@internal.53.com_RemoteWebDriver_18-07-26_07_40_53_791&_timestamp[0]=1532590853237, simpleIsVisibleCheck=true, deviceName=6CEDD7EA68F5F5211728B0554694B223BB4F86ED, platform=ANY, password=, deviceSessionId=dinesh.venkataraman@internal.53.com_RemoteWebDriver_18-07-26_07_40_53_791, platformVersion=11.4, host=fifththird.perfectomobile.com, singleTestReportUrl=https://fifththird.reporting.perfectomobile.com/library?externalId[0]=dinesh.venkataraman@internal.53.com_RemoteWebDriver_18-07-26_07_40_53_791&_timestamp[0]=1532590853237, takesScreenshot=true, model=iPhone-8 Plus, javascriptEnabled=true, platformName=iOS, rotatable=true, testGridReportUrl=https://fifththird.reporting.perfectomobile.com/library?externalId[0]=dinesh.venkataraman@internal.53.com_RemoteWebDriver_18-07-26_07_40_53_791&_timestamp[0]=1532590853237, entityType=remote_web_driver, xcuitestFindOptimizations=true, bundleId=com.apple.mobilesafari, serverConnector=, serverHost=1.5.43.22:11605, securityToken=, executionId=dinesh.venkataraman@internal.53.com_RemoteWebDriver_18-07-26_07_40_53_791, webdriver.remote.sessionid=4b918aa7-6b50-46d4-859d-8b5499016994, locationContextEnabled=true, scriptName=RemoteWebDriver, reportKey=dinesh.venkataraman@internal.53.com_RemoteWebDriver_18-07-26_07_40_53_791, windTunnelReportUrl=https://fifththird.reporting.perfectomobile.com/library?externalId[0]=dinesh.venkataraman@internal.53.com_RemoteWebDriver_18-07-26_07_40_53_791&_timestamp[0]=1532590853237, user=, cssSelectorsEnabled=true, autoAcceptAlerts=true}]
Session ID: 4b918aa7-6b50-46d4-859d-8b5499016994
[...]
Session ID: 06b1aef7-b99e-402e-8942-e4c473a0d059
*** Element info: {Using=xpath, value=//AppiumAUT/XCUIElementTypeApplication[1]/XCUIElementTypeWindow[1]/XCUIElementTypeOther[1]/XCUIElementTypeOther[2]/XCUIElementTypeOther[2]/XCUIElementTypeSecureTextField[1]}
Command duration or timeout: 15.85 seconds
For documentation on this error, please visit: http://seleniumhq.org/exceptions/no_such_element.html
Build info: version: '2.53.1', revision: 'a36b8b1cd5757287168e54b817830adce9b0158d', time: '2016-06-30 19:26:09'
System info: host: 'Bingo', ip: '192.168.1.4', os.name: 'Mac OS X', os.arch: 'x86_64', os.version: '10.13.6', java.version: '1.8.0_60'
Driver info: io.appium.java_client.ios.IOSDriver
Capabilities [{reportPdfUrl=https://fifththird.reporting.perfectomobile.com/export/api/v1/test-executions/pdf?externalId[0]=dinesh.venkataraman@internal.53.com_RemoteWebDriver_18-07-26_07_40_53_791&_timestamp[0]=1532590853237, simpleIsVisibleCheck=true, deviceName=6CEDD7EA68F5F5211728B0554694B223BB4F86ED, platform=ANY, password=, deviceSessionId=dinesh.venkataraman@internal.53.com_RemoteWebDriver_18-07-26_07_40_53_791, platformVersion=11.4, host=fifththird.perfectomobile.com, singleTestReportUrl=https://fifththird.reporting.perfectomobile.com/library?externalId[0]=dinesh.venkataraman@internal.53.com_RemoteWebDriver_18-07-26_07_40_53_791&_timestamp[0]=1532590853237, takesScreenshot=true, model=iPhone-8 Plus, javascriptEnabled=true, platformName=iOS, rotatable=true, testGridReportUrl=https://fifththird.reporting.perfectomobile.com/library?externalId[0]=dinesh.venkataraman@internal.53.com_RemoteWebDriver_18-07-26_07_40_53_791&_timestamp[0]=1532590853237, entityType=remote_web_driver, xcuitestFindOptimizations=true, bundleId=com.apple.mobilesafari, serverConnector=, serverHost=1.5.43.22:11605, securityToken=, executionId=dinesh.venkataraman@internal.53.com_RemoteWebDriver_18-07-26_07_40_53_791, webdriver.remote.sessionid=4b918aa7-6b50-46d4-859d-8b5499016994, locationContextEnabled=true, scriptName=RemoteWebDriver, reportKey=dinesh.venkataraman@internal.53.com_RemoteWebDriver_18-07-26_07_40_53_791, windTunnelReportUrl=https://fifththird.reporting.perfectomobile.com/library?externalId[0]=dinesh.venkataraman@internal.53.com_RemoteWebDriver_18-07-26_07_40_53_791&_timestamp[0]=1532590853237, user=, cssSelectorsEnabled=true, autoAcceptAlerts=true}]
Session ID: 4b918aa7-6b50-46d4-859d-8b5499016994
*** Element info: {Using=xpath, value=//AppiumAUT/XCUIElementTypeApplication[1]/XCUIElementTypeWindow[1]/XCUIElementTypeOther[1]/XCUIElementTypeOther[2]/XCUIElementTypeOther[2]/XCUIElementTypeSecureTextField[1]}
at sun.reflect.NativeConstructorAccessorImpl.newInstance0(Native Method)
at sun.reflect.NativeConstructorAccessorImpl.newInstance(NativeConstructorAccessorImpl.java:62)
at sun.reflect.DelegatingConstructorAccessorImpl.newInstance(DelegatingConstructorAccessorImpl.java:45)
at java.lang.reflect.Constructor.newInstance(Constructor.java:422)
at org.openqa.selenium.remote.ErrorHandler.createThrowable(ErrorHandler.java:206)
at org.openqa.selenium.remote.ErrorHandler.throwIfResponseFailed(ErrorHandler.java:158)
at org.openqa.selenium.remote.RemoteWebDriver.execute(RemoteWebDriver.java:678)
at io.appium.java_client.DefaultGenericMobileDriver.execute(DefaultGenericMobileDriver.java:40)
at io.appium.java_client.AppiumDriver.execute(AppiumDriver.java:1)
at io.appium.java_client.ios.IOSDriver.execute(IOSDriver.java:1)
at org.openqa.selenium.remote.RemoteWebDriver.findElement(RemoteWebDriver.java:363)
at io.appium.java_client.DefaultGenericMobileDriver.findElement(DefaultGenericMobileDriver.java:56)
at io.appium.java_client.AppiumDriver.findElement(AppiumDriver.java:1)
at io.appium.java_client.ios.IOSDriver.findElement(IOSDriver.java:1)
at org.openqa.selenium.remote.RemoteWebDriver.findElementByXPath(RemoteWebDriver.java:500)
at io.appium.java_client.DefaultGenericMobileDriver.findElementByXPath(DefaultGenericMobileDriver.java:134)
at io.appium.java_client.AppiumDriver.findElementByXPath(AppiumDriver.java:1)
at io.appium.java_client.ios.IOSDriver.findElementByXPath(IOSDriver.java:1)
at org.openqa.selenium.By$ByXPath.findElement(By.java:361)
at org.openqa.selenium.remote.RemoteWebDriver.findElement(RemoteWebDriver.java:355)
at io.appium.java_client.DefaultGenericMobileDriver.findElement(DefaultGenericMobileDriver.java:52)
at io.appium.java_client.AppiumDriver.findElement(AppiumDriver.java:1)
at io.appium.java_client.ios.IOSDriver.findElement(IOSDriver.java:1)
at fifththird.login.mobileTesting.switchwifiOff(mobileTesting.java:129)
at sun.reflect.NativeMethodAccessorImpl.invoke0(Native Method)
at sun.reflect.NativeMethodAccessorImpl.invoke(NativeMethodAccessorImpl.java:62)
at sun.reflect.DelegatingMethodAccessorImpl.invoke(DelegatingMethodAccessorImpl.java:43)
at java.lang.reflect.Method.invoke(Method.java:497)
at org.testng.internal.MethodInvocationHelper.invokeMethod(MethodInvocationHelper.java:124)
at org.testng.internal.Invoker.invokeMethod(Invoker.java:580)
at org.testng.internal.Invoker.invokeTestMethod(Invoker.java:716)
at org.testng.internal.Invoker.invokeTestMethods(Invoker.java:988)
at org.testng.internal.TestMethodWorker.invokeTestMethods(TestMethodWorker.java:125)
at org.testng.internal.TestMethodWorker.run(TestMethodWorker.java:109)
at org.testng.TestRunner.privateRun(TestRunner.java:648)
at org.testng.TestRunner.run(TestRunner.java:505)
at org.testng.SuiteRunner.runTest(SuiteRunner.java:455)
at org.testng.SuiteRunner.access$000(SuiteRunner.java:40)
at org.testng.SuiteRunner$SuiteWorker.run(SuiteRunner.java:489)
at org.testng.internal.thread.ThreadUtil$1.call(ThreadUtil.java:52)
at java.util.concurrent.FutureTask.run(FutureTask.java:266)
at java.util.concurrent.ThreadPoolExecutor.runWorker(ThreadPoolExecutor.java:1142)
at java.util.concurrent.ThreadPoolExecutor$Worker.run(ThreadPoolExecutor.java:617)
at java.lang.Thread.run(Thread.java:745)
Caused by: org.openqa.selenium.NoSuchElementException: An element could not be located on the page using the given search parameters. (WARNING: The server did not provide any stacktrace information)
Command duration or timeout: 0 milliseconds
For documentation on this error, please visit: http://seleniumhq.org/exceptions/no_such_element.html
Build info: version: '3.6.0', revision: '6fbf3ec767', time: '2017-09-27T15:28:36.4Z'
System info: host: 'ba1ffa30e57b', ip: '172.18.0.4', os.name: 'Linux', os.arch: 'amd64', os.version: '4.4.0-47-generic', java.version: '1.8.0_131'
Driver info: io.appium.java_client.ios.IOSDriver
Capabilities [{reportPdfUrl=https://fifththird.reporting.perfectomobile.com/export/api/v1/test-executions/pdf?externalId[0]=dinesh.venkataraman@internal.53.com_RemoteWebDriver_18-07-26_07_40_53_791&_timestamp[0]=1532590853237, simpleIsVisibleCheck=true, deviceName=6CEDD7EA68F5F5211728B0554694B223BB4F86ED, platform=MAC, password=, deviceSessionId=dinesh.venkataraman@internal.53.com_RemoteWebDriver_18-07-26_07_40_53_791, platformVersion=11.4, webStorageEnabled=false, host=fifththird.perfectomobile.com, singleTestReportUrl=https://fifththird.reporting.perfectomobile.com/library?externalId[0]=dinesh.venkataraman@internal.53.com_RemoteWebDriver_18-07-26_07_40_53_791&_timestamp[0]=1532590853237, browserName=, takesScreenshot=true, javascriptEnabled=true, model=iPhone-8 Plus, platformName=MAC, networkConnectionEnabled=false, testGridReportUrl=https://fifththird.reporting.perfectomobile.com/library?externalId[0]=dinesh.venkataraman@internal.53.com_RemoteWebDriver_18-07-26_07_40_53_791&_timestamp[0]=1532590853237, entityType=remote_web_driver, xcuitestFindOptimizations=true, bundleId=com.apple.mobilesafari, databaseEnabled=false, serverConnector=, serverHost=1.5.43.22:11605, securityToken=, executionId=dinesh.venkataraman@internal.53.com_RemoteWebDriver_18-07-26_07_40_53_791, locationContextEnabled=false, scriptName=RemoteWebDriver, reportKey=dinesh.venkataraman@internal.53.com_RemoteWebDriver_18-07-26_07_40_53_791, windTunnelReportUrl=https://fifththird.reporting.perfectomobile.com/library?externalId[0]=dinesh.venkataraman@internal.53.com_RemoteWebDriver_18-07-26_07_40_53_791&_timestamp[0]=1532590853237, user=, autoAcceptAlerts=true}]
Session ID: 06b1aef7-b99e-402e-8942-e4c473a0d059
*** Element info: {Using=xpath, value=//AppiumAUT/XCUIElementTypeApplication[1]/XCUIElementTypeWindow[1]/XCUIElementTypeOther[1]/XCUIElementTypeOther[2]/XCUIElementTypeOther[2]/XCUIElementTypeSecureTextField[1]}
For documentation on this error, please visit: http://seleniumhq.org/exceptions/no_such_element.html
Build info: version: '2.53.1', revision: 'a36b8b1cd5757287168e54b817830adce9b0158d', time: '2016-06-30 19:26:09'
System info: host: 'Bingo', ip: '192.168.1.4', os.name: 'Mac OS X', os.arch: 'x86_64', os.version: '10.13.6', java.version: '1.8.0_60'
Driver info: driver.version: IOSDriver
at sun.reflect.NativeConstructorAccessorImpl.newInstance0(Native Method)
at sun.reflect.NativeConstructorAccessorImpl.newInstance(NativeConstructorAccessorImpl.java:62)
at sun.reflect.DelegatingConstructorAccessorImpl.newInstance(DelegatingConstructorAccessorImpl.java:45)
at java.lang.reflect.Constructor.newInstance(Constructor.java:423)
at org.openqa.selenium.remote.ErrorHandler.createThrowable(ErrorHandler.java:214)
at org.openqa.selenium.remote.ErrorHandler.throwIfResponseFailed(ErrorHandler.java:166)
at org.openqa.selenium.remote.http.JsonHttpResponseCodec.reconstructValue(JsonHttpResponseCodec.java:40)
at org.openqa.selenium.remote.http.AbstractHttpResponseCodec.decode(AbstractHttpResponseCodec.java:82)
at org.openqa.selenium.remote.http.AbstractHttpResponseCodec.decode(AbstractHttpResponseCodec.java:45)
at org.openqa.selenium.remote.HttpCommandExecutor.execute(HttpCommandExecutor.java:164)
at io.appium.java_client.remote.AppiumCommandExecutor.execute(AppiumCommandExecutor.java:89)
at org.openqa.selenium.remote.RemoteWebDriver.execute(RemoteWebDriver.java:586)
at io.appium.java_client.DefaultGenericMobileDriver.execute(DefaultGenericMobileDriver.java:42)
at io.appium.java_client.AppiumDriver.execute(AppiumDriver.java:1)
at io.appium.java_client.ios.IOSDriver.execute(IOSDriver.java:1)
at org.openqa.selenium.remote.RemoteWebDriver.findElement(RemoteWebDriver.java:356)
at io.appium.java_client.DefaultGenericMobileDriver.findElement(DefaultGenericMobileDriver.java:62)
at io.appium.java_client.AppiumDriver.findElement(AppiumDriver.java:1)
at io.appium.java_client.ios.IOSDriver.findElement(IOSDriver.java:1)
at org.openqa.selenium.remote.RemoteWebDriver.findElementByXPath(RemoteWebDriver.java:458)
at io.appium.java_client.DefaultGenericMobileDriver.findElementByXPath(DefaultGenericMobileDriver.java:140)
at io.appium.java_client.AppiumDriver.findElementByXPath(AppiumDriver.java:1)
at io.appium.java_client.ios.IOSDriver.findElementByXPath(IOSDriver.java:1)
at org.openqa.selenium.By$ByXPath.findElement(By.java:361)
at org.openqa.selenium.remote.RemoteWebDriver.findElement(RemoteWebDriver.java:348)
at io.appium.java_client.DefaultGenericMobileDriver.findElement(DefaultGenericMobileDriver.java:58)
at io.appium.java_client.AppiumDriver.findElement(AppiumDriver.java:1)
at io.appium.java_client.ios.IOSDriver.findElement(IOSDriver.java:1)
at com.perfectomobile.selenium.server.appium.AppiumDriverWrapper$24.call(AppiumDriverWrapper.java:635)
at com.nexperience.function.execute.ExecuteCallableCommand.process(ExecuteCallableCommand.java:30)
at com.nexperience.engine.script.command.AbstractScriptCommand.doExecute(AbstractScriptCommand.java:173)
at com.nexperience.engine.script.command.ScriptCommandBase.execute(ScriptCommandBase.java:107)
at com.nexperience.engine.script.tcl.event.CommandTclEvent.processEvent(CommandTclEvent.java:43)
at com.nexperience.engine.script.tcl.event.MaseTclEvent.processEvent(MaseTclEvent.java:56)
at tcl.lang.Notifier.serviceEvent(Notifier.java:457)
at tcl.lang.Notifier.doOneEvent(Notifier.java:610)
at tcl.lang.Notifier.processTclEvents(Notifier.java:786)
at com.nexperience.engine.script.tcl.event.TclEventProcessor.start(TclEventProcessor.java:78)
at com.nexperience.engine.script.tcl.TclInterpreter.startEventProcessing(TclInterpreter.java:550)
at com.nexperience.engine.script.execution.step.StepExecutionEventProcessor.callImpl(StepExecutionEventProcessor.java:85)
at com.nexperience.engine.script.execution.step.StepExecutionEventProcessor.callImpl(StepExecutionEventProcessor.java:21)
at com.nexperience.util.thread.WrappedCallable.call(WrappedCallable.java:31)
at java.util.concurrent.FutureTask.run(FutureTask.java:266)
at java.util.concurrent.ThreadPoolExecutor.runWorker(ThreadPoolExecutor.java:1142)
at java.util.concurrent.ThreadPoolExecutor$Worker.run(ThreadPoolExecutor.java:617)
at java.lang.Thread.run(Thread.java:748)
]]>
            </full-stacktrace>
          </exception> <!-- org.openqa.selenium.NoSuchElementException -->
          <reporter-output>
            <line>
              <![CDATA[█▀▀▀▀▀▀▀▀▀▀▀▀▀▀▀▀▀▀▀▀▀▀▀▀▀▀▀▀▀█]]>
            </line>
            <line>
              <![CDATA[█ TEST STARTED: switchwifiOff █]]>
            </line>
            <line>
              <![CDATA[█▄▄▄▄▄▄▄▄▄▄▄▄▄▄▄▄▄▄▄▄▄▄▄▄▄▄▄▄▄█]]>
            </line>
            <line>
              <![CDATA[<div style="display:block;margin-left:10px;"><div  class="fail"><span class="fail-label">F </span>An element could not be located on the page using the given search parameters. (WARNING: The server did not provide any stacktrace information)
Command duration or timeout: 0 milliseconds
For documentation on this error, please visit: http://seleniumhq.org/exceptions/no_such_element.html
Build info: version: '3.6.0', revision: '6fbf3ec767', time: '2017-09-27T15:28:36.4Z'
System info: host: 'ba1ffa30e57b', ip: '172.18.0.4', os.name: 'Linux', os.arch: 'amd64', os.version: '4.4.0-47-generic', java.version: '1.8.0_131'
Driver info: io.appium.java_client.ios.IOSDriver
Capabilities [{reportPdfUrl=https://fifththird.reporting.perfectomobile.com/export/api/v1/test-executions/pdf?externalId[0]=dinesh.venkataraman@internal.53.com_RemoteWebDriver_18-07-26_07_40_53_791&_timestamp[0]=1532590853237, simpleIsVisibleCheck=true, deviceName=6CEDD7EA68F5F5211728B0554694B223BB4F86ED, platform=MAC, password=, deviceSessionId=dinesh.venkataraman@internal.53.com_RemoteWebDriver_18-07-26_07_40_53_791, platformVersion=11.4, webStorageEnabled=false, host=fifththird.perfectomobile.com, singleTestReportUrl=https://fifththird.reporting.perfectomobile.com/library?externalId[0]=dinesh.venkataraman@internal.53.com_RemoteWebDriver_18-07-26_07_40_53_791&_timestamp[0]=1532590853237, browserName=, takesScreenshot=true, javascriptEnabled=true, model=iPhone-8 Plus, platformName=MAC, networkConnectionEnabled=false, testGridReportUrl=https://fifththird.reporting.perfectomobile.com/library?externalId[0]=dinesh.venkataraman@internal.53.com_RemoteWebDriver_18-07-26_07_40_53_791&_timestamp[0]=1532590853237, entityType=remote_web_driver, xcuitestFindOptimizations=true, bundleId=com.apple.mobilesafari, databaseEnabled=false, serverConnector=, serverHost=1.5.43.22:11605, securityToken=, executionId=dinesh.venkataraman@internal.53.com_RemoteWebDriver_18-07-26_07_40_53_791, locationContextEnabled=false, scriptName=RemoteWebDriver, reportKey=dinesh.venkataraman@internal.53.com_RemoteWebDriver_18-07-26_07_40_53_791, windTunnelReportUrl=https://fifththird.reporting.perfectomobile.com/library?externalId[0]=dinesh.venkataraman@internal.53.com_RemoteWebDriver_18-07-26_07_40_53_791&_timestamp[0]=1532590853237, user=, autoAcceptAlerts=true}]
Session ID: 06b1aef7-b99e-402e-8942-e4c473a0d059
*** Element info: {Using=xpath, value=//AppiumAUT/XCUIElementTypeApplication[1]/XCUIElementTypeWindow[1]/XCUIElementTypeOther[1]/XCUIElementTypeOther[2]/XCUIElementTypeOther[2]/XCUIElementTypeSecureTextField[1]}
Command duration or timeout: 15.85 seconds
For documentation on this error, please visit: http://seleniumhq.org/exceptions/no_such_element.html
Build info: version: '2.53.1', revision: 'a36b8b1cd5757287168e54b817830adce9b0158d', time: '2016-06-30 19:26:09'
System info: host: 'Bingo', ip: '192.168.1.4', os.name: 'Mac OS X', os.arch: 'x86_64', os.version: '10.13.6', java.version: '1.8.0_60'
Driver info: io.appium.java_client.ios.IOSDriver
Capabilities [{reportPdfUrl=https://fifththird.reporting.perfectomobile.com/export/api/v1/test-executions/pdf?externalId[0]=dinesh.venkataraman@internal.53.com_RemoteWebDriver_18-07-26_07_40_53_791&_timestamp[0]=1532590853237, simpleIsVisibleCheck=true, deviceName=6CEDD7EA68F5F5211728B0554694B223BB4F86ED, platform=ANY, password=, deviceSessionId=dinesh.venkataraman@internal.53.com_RemoteWebDriver_18-07-26_07_40_53_791, platformVersion=11.4, host=fifththird.perfectomobile.com, singleTestReportUrl=https://fifththird.reporting.perfectomobile.com/library?externalId[0]=dinesh.venkataraman@internal.53.com_RemoteWebDriver_18-07-26_07_40_53_791&_timestamp[0]=1532590853237, takesScreenshot=true, model=iPhone-8 Plus, javascriptEnabled=true, platformName=iOS, rotatable=true, testGridReportUrl=https://fifththird.reporting.perfectomobile.com/library?externalId[0]=dinesh.venkataraman@internal.53.com_RemoteWebDriver_18-07-26_07_40_53_791&_timestamp[0]=1532590853237, entityType=remote_web_driver, xcuitestFindOptimizations=true, bundleId=com.apple.mobilesafari, serverConnector=, serverHost=1.5.43.22:11605, securityToken=, executionId=dinesh.venkataraman@internal.53.com_RemoteWebDriver_18-07-26_07_40_53_791, webdriver.remote.sessionid=4b918aa7-6b50-46d4-859d-8b5499016994, locationContextEnabled=true, scriptName=RemoteWebDriver, reportKey=dinesh.venkataraman@internal.53.com_RemoteWebDriver_18-07-26_07_40_53_791, windTunnelReportUrl=https://fifththird.reporting.perfectomobile.com/library?externalId[0]=dinesh.venkataraman@internal.53.com_RemoteWebDriver_18-07-26_07_40_53_791&_timestamp[0]=1532590853237, user=, cssSelectorsEnabled=true, autoAcceptAlerts=true}]
Session ID: 4b918aa7-6b50-46d4-859d-8b5499016994
*** Element info: {Using=xpath, value=//AppiumAUT/XCUIElementTypeApplication[1]/XCUIElementTypeWindow[1]/XCUIElementTypeOther[1]/XCUIElementTypeOther[2]/XCUIElementTypeOther[2]/XCUIElementTypeSecureTextField[1]}</div></div>]]>
            </line>
          </reporter-output>
        </test-method> <!-- switchwifiOff -->
      </class> <!-- fifththird.login.mobileTesting -->
    </test> <!-- IOS Calc Test -->
  </suite> <!-- Appium Demo Suite -->
</testng-results>
